<?xml version="1.0" encoding="UTF-8"?>
<testsuite name="Manage customer" tests="1" skipped="0" failures="0" errors="0" timestamp="2020-10-27T21:07:24" hostname="DESKTOP-E17N4K9" time="126.801">
  <properties/>
  <testcase name="User can register an customer" classname="Manage customer" time="126.801"/>
  <system-out><![CDATA[]]></system-out>
  <system-err><![CDATA[[Test worker] WARN net.thucydides.core.steps.BaseStepListener - stepStarted: net.thucydides.core.steps.ExecutedStepDescription@7512cd7e
[Test worker] INFO net.thucydides.core.steps.ConsoleLoggingListener - STARTING STEP Given user is loged on page with email "administrador@gmail.com" and Password "password"
[Test worker] INFO io.github.bonigarcia.wdm.WebDriverManager - Using chromedriver 86.0.4240.22 (since Google Chrome 86 is installed in your machine)
[Test worker] INFO io.github.bonigarcia.wdm.WebDriverManager - Exporting webdriver.chrome.driver as C:\Users\hp\.m2\repository\webdriver\chromedriver\win32\86.0.4240.22\chromedriver.exe
Starting ChromeDriver 86.0.4240.22 (398b0743353ff36fb1b82468f63a3a93b4e2e89e-refs/branch-heads/4240@{#378}) on port 42524
Only local connections are allowed.
Please see https://chromedriver.chromium.org/security-considerations for suggestions on keeping ChromeDriver safe.
ChromeDriver was started successfully.
oct 27, 2020 4:08:11 PM org.openqa.selenium.remote.ProtocolHandshake createSession
INFORMACIÓN: Detected dialect: W3C
[Test worker] WARN net.thucydides.core.steps.BaseStepListener - stepStarted: net.thucydides.core.steps.ExecutedStepDescription@519c2f71
[Test worker] INFO net.thucydides.core.steps.ConsoleLoggingListener - STARTING STEP user opens the web site
[Test worker] WARN net.thucydides.core.steps.BaseStepListener - stepStarted: net.thucydides.core.steps.ExecutedStepDescription@1b6d7208
[Test worker] INFO net.thucydides.core.steps.ConsoleLoggingListener - STARTING STEP user opens the Login page
[Test worker] WARN net.thucydides.core.steps.BaseStepListener - stepFinished: current outcome:User can register an customer:Example: {name=TigUne, email=servicio@tigune.com, nit=888881117-2, address=Cll 8 - 79A, tel=4478123, contact=Tim, emailcontact=Yanye@gmail.com, cel=3016786789} [Given user is loged on page with email "administrador@gmail.com" and Password "password" [user opens the web site [user opens the Login page]]]
[Test worker] INFO net.thucydides.core.steps.ConsoleLoggingListener - FINISHING STEP
[Test worker] WARN net.thucydides.core.steps.BaseStepListener - stepFinished: current outcome:User can register an customer:Example: {name=TigUne, email=servicio@tigune.com, nit=888881117-2, address=Cll 8 - 79A, tel=4478123, contact=Tim, emailcontact=Yanye@gmail.com, cel=3016786789} [Given user is loged on page with email "administrador@gmail.com" and Password "password" [user opens the web site [user opens the Login page]]]
[Test worker] INFO net.thucydides.core.steps.ConsoleLoggingListener - FINISHING STEP
[Test worker] WARN net.thucydides.core.steps.BaseStepListener - stepStarted: net.thucydides.core.steps.ExecutedStepDescription@45d03352
[Test worker] INFO net.thucydides.core.steps.ConsoleLoggingListener - STARTING STEP user login site
[Test worker] WARN net.thucydides.core.steps.BaseStepListener - stepStarted: net.thucydides.core.steps.ExecutedStepDescription@b0c632c
[Test worker] INFO net.thucydides.core.steps.ConsoleLoggingListener - STARTING STEP user enters 'administrador@gmail.com' into 
[Test worker] WARN net.thucydides.core.steps.BaseStepListener - stepFinished: current outcome:User can register an customer:Example: {name=TigUne, email=servicio@tigune.com, nit=888881117-2, address=Cll 8 - 79A, tel=4478123, contact=Tim, emailcontact=Yanye@gmail.com, cel=3016786789} [Given user is loged on page with email "administrador@gmail.com" and Password "password" [user opens the web site [user opens the Login page], user login site [user enters 'administrador@gmail.com' into ]]]
[Test worker] INFO net.thucydides.core.steps.ConsoleLoggingListener - FINISHING STEP
[Test worker] WARN net.thucydides.core.steps.BaseStepListener - stepStarted: net.thucydides.core.steps.ExecutedStepDescription@72771330
[Test worker] INFO net.thucydides.core.steps.ConsoleLoggingListener - STARTING STEP user enters 'password' into 
[Test worker] WARN net.thucydides.core.steps.BaseStepListener - stepFinished: current outcome:User can register an customer:Example: {name=TigUne, email=servicio@tigune.com, nit=888881117-2, address=Cll 8 - 79A, tel=4478123, contact=Tim, emailcontact=Yanye@gmail.com, cel=3016786789} [Given user is loged on page with email "administrador@gmail.com" and Password "password" [user opens the web site [user opens the Login page], user login site [user enters 'administrador@gmail.com' into , user enters 'password' into ]]]
[Test worker] INFO net.thucydides.core.steps.ConsoleLoggingListener - FINISHING STEP
[Test worker] WARN net.thucydides.core.steps.BaseStepListener - stepStarted: net.thucydides.core.steps.ExecutedStepDescription@2d97e954
[Test worker] INFO net.thucydides.core.steps.ConsoleLoggingListener - STARTING STEP user clicks on 
[Test worker] WARN net.thucydides.core.steps.BaseStepListener - stepFinished: current outcome:User can register an customer:Example: {name=TigUne, email=servicio@tigune.com, nit=888881117-2, address=Cll 8 - 79A, tel=4478123, contact=Tim, emailcontact=Yanye@gmail.com, cel=3016786789} [Given user is loged on page with email "administrador@gmail.com" and Password "password" [user opens the web site [user opens the Login page], user login site [user enters 'administrador@gmail.com' into , user enters 'password' into , user clicks on ]]]
[Test worker] INFO net.thucydides.core.steps.ConsoleLoggingListener - FINISHING STEP
[Test worker] WARN net.thucydides.core.steps.BaseStepListener - stepFinished: current outcome:User can register an customer:Example: {name=TigUne, email=servicio@tigune.com, nit=888881117-2, address=Cll 8 - 79A, tel=4478123, contact=Tim, emailcontact=Yanye@gmail.com, cel=3016786789} [Given user is loged on page with email "administrador@gmail.com" and Password "password" [user opens the web site [user opens the Login page], user login site [user enters 'administrador@gmail.com' into , user enters 'password' into , user clicks on ]]]
[Test worker] INFO net.thucydides.core.steps.ConsoleLoggingListener - FINISHING STEP
[Test worker] WARN net.thucydides.core.steps.BaseStepListener - stepFinished: current outcome:User can register an customer:Example: {name=TigUne, email=servicio@tigune.com, nit=888881117-2, address=Cll 8 - 79A, tel=4478123, contact=Tim, emailcontact=Yanye@gmail.com, cel=3016786789} [Given user is loged on page with email "administrador@gmail.com" and Password "password" [user opens the web site [user opens the Login page], user login site [user enters 'administrador@gmail.com' into , user enters 'password' into , user clicks on ]]]
[Test worker] INFO net.thucydides.core.steps.ConsoleLoggingListener - FINISHING STEP
[Test worker] WARN net.thucydides.core.steps.BaseStepListener - stepStarted: net.thucydides.core.steps.ExecutedStepDescription@6ac05fd7
[Test worker] INFO net.thucydides.core.steps.ConsoleLoggingListener - STARTING STEP When user enter data
| name | email | nit | address | tel | contact | emailcontact | cel |
| TigUne | servicio@tigune.com | 888881117-2 | Cll 8 - 79A | 4478123 | Tim | Yanye@gmail.com | 3016786789 |
[Test worker] WARN net.thucydides.core.steps.BaseStepListener - stepStarted: net.thucydides.core.steps.ExecutedStepDescription@5c7bf097
[Test worker] INFO net.thucydides.core.steps.ConsoleLoggingListener - STARTING STEP user enter registration data
[Test worker] WARN net.thucydides.core.steps.BaseStepListener - stepStarted: net.thucydides.core.steps.ExecutedStepDescription@51db7dbc
[Test worker] INFO net.thucydides.core.steps.ConsoleLoggingListener - STARTING STEP user clicks on 
[Test worker] WARN net.thucydides.core.steps.BaseStepListener - stepFinished: current outcome:User can register an customer:Example: {name=TigUne, email=servicio@tigune.com, nit=888881117-2, address=Cll 8 - 79A, tel=4478123, contact=Tim, emailcontact=Yanye@gmail.com, cel=3016786789} [Given user is loged on page with email "administrador@gmail.com" and Password "password" [user opens the web site [user opens the Login page], user login site [user enters 'administrador@gmail.com' into , user enters 'password' into , user clicks on ]], When user enter data
| name | email | nit | address | tel | contact | emailcontact | cel |
| TigUne | servicio@tigune.com | 888881117-2 | Cll 8 - 79A | 4478123 | Tim | Yanye@gmail.com | 3016786789 | [user enter registration data [user clicks on ]]]
[Test worker] INFO net.thucydides.core.steps.ConsoleLoggingListener - FINISHING STEP
[Test worker] WARN net.thucydides.core.steps.BaseStepListener - stepStarted: net.thucydides.core.steps.ExecutedStepDescription@3a0fe6b2
[Test worker] INFO net.thucydides.core.steps.ConsoleLoggingListener - STARTING STEP user waiting for items
[Test worker] WARN net.thucydides.core.steps.BaseStepListener - stepFinished: current outcome:User can register an customer:Example: {name=TigUne, email=servicio@tigune.com, nit=888881117-2, address=Cll 8 - 79A, tel=4478123, contact=Tim, emailcontact=Yanye@gmail.com, cel=3016786789} [Given user is loged on page with email "administrador@gmail.com" and Password "password" [user opens the web site [user opens the Login page], user login site [user enters 'administrador@gmail.com' into , user enters 'password' into , user clicks on ]], When user enter data
| name | email | nit | address | tel | contact | emailcontact | cel |
| TigUne | servicio@tigune.com | 888881117-2 | Cll 8 - 79A | 4478123 | Tim | Yanye@gmail.com | 3016786789 | [user enter registration data [user clicks on , user waiting for items]]]
[Test worker] INFO net.thucydides.core.steps.ConsoleLoggingListener - FINISHING STEP
[Test worker] WARN net.thucydides.core.steps.BaseStepListener - stepStarted: net.thucydides.core.steps.ExecutedStepDescription@6bfebd78
[Test worker] INFO net.thucydides.core.steps.ConsoleLoggingListener - STARTING STEP user clicks on 
[Test worker] WARN net.thucydides.core.steps.BaseStepListener - stepFinished: current outcome:User can register an customer:Example: {name=TigUne, email=servicio@tigune.com, nit=888881117-2, address=Cll 8 - 79A, tel=4478123, contact=Tim, emailcontact=Yanye@gmail.com, cel=3016786789} [Given user is loged on page with email "administrador@gmail.com" and Password "password" [user opens the web site [user opens the Login page], user login site [user enters 'administrador@gmail.com' into , user enters 'password' into , user clicks on ]], When user enter data
| name | email | nit | address | tel | contact | emailcontact | cel |
| TigUne | servicio@tigune.com | 888881117-2 | Cll 8 - 79A | 4478123 | Tim | Yanye@gmail.com | 3016786789 | [user enter registration data [user clicks on , user waiting for items, user clicks on ]]]
[Test worker] INFO net.thucydides.core.steps.ConsoleLoggingListener - FINISHING STEP
[Test worker] WARN net.thucydides.core.steps.BaseStepListener - stepStarted: net.thucydides.core.steps.ExecutedStepDescription@147cb6df
[Test worker] INFO net.thucydides.core.steps.ConsoleLoggingListener - STARTING STEP user enters 'TigUne' into 
[Test worker] WARN net.thucydides.core.steps.BaseStepListener - stepFinished: current outcome:User can register an customer:Example: {name=TigUne, email=servicio@tigune.com, nit=888881117-2, address=Cll 8 - 79A, tel=4478123, contact=Tim, emailcontact=Yanye@gmail.com, cel=3016786789} [Given user is loged on page with email "administrador@gmail.com" and Password "password" [user opens the web site [user opens the Login page], user login site [user enters 'administrador@gmail.com' into , user enters 'password' into , user clicks on ]], When user enter data
| name | email | nit | address | tel | contact | emailcontact | cel |
| TigUne | servicio@tigune.com | 888881117-2 | Cll 8 - 79A | 4478123 | Tim | Yanye@gmail.com | 3016786789 | [user enter registration data [user clicks on , user waiting for items, user clicks on , user enters 'TigUne' into ]]]
[Test worker] INFO net.thucydides.core.steps.ConsoleLoggingListener - FINISHING STEP
[Test worker] WARN net.thucydides.core.steps.BaseStepListener - stepStarted: net.thucydides.core.steps.ExecutedStepDescription@4bee42e
[Test worker] INFO net.thucydides.core.steps.ConsoleLoggingListener - STARTING STEP user enters 'servicio@tigune.com' into 
[Test worker] WARN net.thucydides.core.steps.BaseStepListener - stepFinished: current outcome:User can register an customer:Example: {name=TigUne, email=servicio@tigune.com, nit=888881117-2, address=Cll 8 - 79A, tel=4478123, contact=Tim, emailcontact=Yanye@gmail.com, cel=3016786789} [Given user is loged on page with email "administrador@gmail.com" and Password "password" [user opens the web site [user opens the Login page], user login site [user enters 'administrador@gmail.com' into , user enters 'password' into , user clicks on ]], When user enter data
| name | email | nit | address | tel | contact | emailcontact | cel |
| TigUne | servicio@tigune.com | 888881117-2 | Cll 8 - 79A | 4478123 | Tim | Yanye@gmail.com | 3016786789 | [user enter registration data [user clicks on , user waiting for items, user clicks on , user enters 'TigUne' into , user enters 'servicio@tigune.com' into ]]]
[Test worker] INFO net.thucydides.core.steps.ConsoleLoggingListener - FINISHING STEP
[Test worker] WARN net.thucydides.core.steps.BaseStepListener - stepStarted: net.thucydides.core.steps.ExecutedStepDescription@590e54e7
[Test worker] INFO net.thucydides.core.steps.ConsoleLoggingListener - STARTING STEP user enters '888881117-2' into 
[Test worker] WARN net.thucydides.core.steps.BaseStepListener - stepFinished: current outcome:User can register an customer:Example: {name=TigUne, email=servicio@tigune.com, nit=888881117-2, address=Cll 8 - 79A, tel=4478123, contact=Tim, emailcontact=Yanye@gmail.com, cel=3016786789} [Given user is loged on page with email "administrador@gmail.com" and Password "password" [user opens the web site [user opens the Login page], user login site [user enters 'administrador@gmail.com' into , user enters 'password' into , user clicks on ]], When user enter data
| name | email | nit | address | tel | contact | emailcontact | cel |
| TigUne | servicio@tigune.com | 888881117-2 | Cll 8 - 79A | 4478123 | Tim | Yanye@gmail.com | 3016786789 | [user enter registration data [user clicks on , user waiting for items, user clicks on , user enters 'TigUne' into , user enters 'servicio@tigune.com' into , user enters '888881117-2' into ]]]
[Test worker] INFO net.thucydides.core.steps.ConsoleLoggingListener - FINISHING STEP
[Test worker] WARN net.thucydides.core.steps.BaseStepListener - stepStarted: net.thucydides.core.steps.ExecutedStepDescription@1e62f9f6
[Test worker] INFO net.thucydides.core.steps.ConsoleLoggingListener - STARTING STEP user enters 'Cll 8 - 79A' into 
[Test worker] WARN net.thucydides.core.steps.BaseStepListener - stepFinished: current outcome:User can register an customer:Example: {name=TigUne, email=servicio@tigune.com, nit=888881117-2, address=Cll 8 - 79A, tel=4478123, contact=Tim, emailcontact=Yanye@gmail.com, cel=3016786789} [Given user is loged on page with email "administrador@gmail.com" and Password "password" [user opens the web site [user opens the Login page], user login site [user enters 'administrador@gmail.com' into , user enters 'password' into , user clicks on ]], When user enter data
| name | email | nit | address | tel | contact | emailcontact | cel |
| TigUne | servicio@tigune.com | 888881117-2 | Cll 8 - 79A | 4478123 | Tim | Yanye@gmail.com | 3016786789 | [user enter registration data [user clicks on , user waiting for items, user clicks on , user enters 'TigUne' into , user enters 'servicio@tigune.com' into , user enters '888881117-2' into , user enters 'Cll 8 - 79A' into ]]]
[Test worker] INFO net.thucydides.core.steps.ConsoleLoggingListener - FINISHING STEP
[Test worker] WARN net.thucydides.core.steps.BaseStepListener - stepStarted: net.thucydides.core.steps.ExecutedStepDescription@64404c32
[Test worker] INFO net.thucydides.core.steps.ConsoleLoggingListener - STARTING STEP user enters '4478123' into 
[Test worker] WARN net.thucydides.core.steps.BaseStepListener - stepFinished: current outcome:User can register an customer:Example: {name=TigUne, email=servicio@tigune.com, nit=888881117-2, address=Cll 8 - 79A, tel=4478123, contact=Tim, emailcontact=Yanye@gmail.com, cel=3016786789} [Given user is loged on page with email "administrador@gmail.com" and Password "password" [user opens the web site [user opens the Login page], user login site [user enters 'administrador@gmail.com' into , user enters 'password' into , user clicks on ]], When user enter data
| name | email | nit | address | tel | contact | emailcontact | cel |
| TigUne | servicio@tigune.com | 888881117-2 | Cll 8 - 79A | 4478123 | Tim | Yanye@gmail.com | 3016786789 | [user enter registration data [user clicks on , user waiting for items, user clicks on , user enters 'TigUne' into , user enters 'servicio@tigune.com' into , user enters '888881117-2' into , user enters 'Cll 8 - 79A' into , user enters '4478123' into ]]]
[Test worker] INFO net.thucydides.core.steps.ConsoleLoggingListener - FINISHING STEP
[Test worker] WARN net.thucydides.core.steps.BaseStepListener - stepStarted: net.thucydides.core.steps.ExecutedStepDescription@673e42aa
[Test worker] INFO net.thucydides.core.steps.ConsoleLoggingListener - STARTING STEP user enters 'Tim' into 
[Test worker] WARN net.thucydides.core.steps.BaseStepListener - stepFinished: current outcome:User can register an customer:Example: {name=TigUne, email=servicio@tigune.com, nit=888881117-2, address=Cll 8 - 79A, tel=4478123, contact=Tim, emailcontact=Yanye@gmail.com, cel=3016786789} [Given user is loged on page with email "administrador@gmail.com" and Password "password" [user opens the web site [user opens the Login page], user login site [user enters 'administrador@gmail.com' into , user enters 'password' into , user clicks on ]], When user enter data
| name | email | nit | address | tel | contact | emailcontact | cel |
| TigUne | servicio@tigune.com | 888881117-2 | Cll 8 - 79A | 4478123 | Tim | Yanye@gmail.com | 3016786789 | [user enter registration data [user clicks on , user waiting for items, user clicks on , user enters 'TigUne' into , user enters 'servicio@tigune.com' into , user enters '888881117-2' into , user enters 'Cll 8 - 79A' into , user enters '4478123' into , user enters 'Tim' into ]]]
[Test worker] INFO net.thucydides.core.steps.ConsoleLoggingListener - FINISHING STEP
[Test worker] WARN net.thucydides.core.steps.BaseStepListener - stepStarted: net.thucydides.core.steps.ExecutedStepDescription@3fc7b3e6
[Test worker] INFO net.thucydides.core.steps.ConsoleLoggingListener - STARTING STEP user enters 'Yanye@gmail.com' into 
[Test worker] WARN net.thucydides.core.steps.BaseStepListener - stepFinished: current outcome:User can register an customer:Example: {name=TigUne, email=servicio@tigune.com, nit=888881117-2, address=Cll 8 - 79A, tel=4478123, contact=Tim, emailcontact=Yanye@gmail.com, cel=3016786789} [Given user is loged on page with email "administrador@gmail.com" and Password "password" [user opens the web site [user opens the Login page], user login site [user enters 'administrador@gmail.com' into , user enters 'password' into , user clicks on ]], When user enter data
| name | email | nit | address | tel | contact | emailcontact | cel |
| TigUne | servicio@tigune.com | 888881117-2 | Cll 8 - 79A | 4478123 | Tim | Yanye@gmail.com | 3016786789 | [user enter registration data [user clicks on , user waiting for items, user clicks on , user enters 'TigUne' into , user enters 'servicio@tigune.com' into , user enters '888881117-2' into , user enters 'Cll 8 - 79A' into , user enters '4478123' into , user enters 'Tim' into , user enters 'Yanye@gmail.com' into ]]]
[Test worker] INFO net.thucydides.core.steps.ConsoleLoggingListener - FINISHING STEP
[Test worker] WARN net.thucydides.core.steps.BaseStepListener - stepStarted: net.thucydides.core.steps.ExecutedStepDescription@bea9714
[Test worker] INFO net.thucydides.core.steps.ConsoleLoggingListener - STARTING STEP user enters '3016786789' into 
[Test worker] WARN net.thucydides.core.steps.BaseStepListener - stepFinished: current outcome:User can register an customer:Example: {name=TigUne, email=servicio@tigune.com, nit=888881117-2, address=Cll 8 - 79A, tel=4478123, contact=Tim, emailcontact=Yanye@gmail.com, cel=3016786789} [Given user is loged on page with email "administrador@gmail.com" and Password "password" [user opens the web site [user opens the Login page], user login site [user enters 'administrador@gmail.com' into , user enters 'password' into , user clicks on ]], When user enter data
| name | email | nit | address | tel | contact | emailcontact | cel |
| TigUne | servicio@tigune.com | 888881117-2 | Cll 8 - 79A | 4478123 | Tim | Yanye@gmail.com | 3016786789 | [user enter registration data [user clicks on , user waiting for items, user clicks on , user enters 'TigUne' into , user enters 'servicio@tigune.com' into , user enters '888881117-2' into , user enters 'Cll 8 - 79A' into , user enters '4478123' into , user enters 'Tim' into , user enters 'Yanye@gmail.com' into , user enters '3016786789' into ]]]
[Test worker] INFO net.thucydides.core.steps.ConsoleLoggingListener - FINISHING STEP
[Test worker] WARN net.thucydides.core.steps.BaseStepListener - stepFinished: current outcome:User can register an customer:Example: {name=TigUne, email=servicio@tigune.com, nit=888881117-2, address=Cll 8 - 79A, tel=4478123, contact=Tim, emailcontact=Yanye@gmail.com, cel=3016786789} [Given user is loged on page with email "administrador@gmail.com" and Password "password" [user opens the web site [user opens the Login page], user login site [user enters 'administrador@gmail.com' into , user enters 'password' into , user clicks on ]], When user enter data
| name | email | nit | address | tel | contact | emailcontact | cel |
| TigUne | servicio@tigune.com | 888881117-2 | Cll 8 - 79A | 4478123 | Tim | Yanye@gmail.com | 3016786789 | [user enter registration data [user clicks on , user waiting for items, user clicks on , user enters 'TigUne' into , user enters 'servicio@tigune.com' into , user enters '888881117-2' into , user enters 'Cll 8 - 79A' into , user enters '4478123' into , user enters 'Tim' into , user enters 'Yanye@gmail.com' into , user enters '3016786789' into ]]]
[Test worker] INFO net.thucydides.core.steps.ConsoleLoggingListener - FINISHING STEP
[Test worker] WARN net.thucydides.core.steps.BaseStepListener - stepFinished: current outcome:User can register an customer:Example: {name=TigUne, email=servicio@tigune.com, nit=888881117-2, address=Cll 8 - 79A, tel=4478123, contact=Tim, emailcontact=Yanye@gmail.com, cel=3016786789} [Given user is loged on page with email "administrador@gmail.com" and Password "password" [user opens the web site [user opens the Login page], user login site [user enters 'administrador@gmail.com' into , user enters 'password' into , user clicks on ]], When user enter data
| name | email | nit | address | tel | contact | emailcontact | cel |
| TigUne | servicio@tigune.com | 888881117-2 | Cll 8 - 79A | 4478123 | Tim | Yanye@gmail.com | 3016786789 | [user enter registration data [user clicks on , user waiting for items, user clicks on , user enters 'TigUne' into , user enters 'servicio@tigune.com' into , user enters '888881117-2' into , user enters 'Cll 8 - 79A' into , user enters '4478123' into , user enters 'Tim' into , user enters 'Yanye@gmail.com' into , user enters '3016786789' into ]]]
[Test worker] INFO net.thucydides.core.steps.ConsoleLoggingListener - FINISHING STEP
[Test worker] WARN net.thucydides.core.steps.BaseStepListener - stepStarted: net.thucydides.core.steps.ExecutedStepDescription@776f0202
[Test worker] INFO net.thucydides.core.steps.ConsoleLoggingListener - STARTING STEP And user save data
[Test worker] WARN net.thucydides.core.steps.BaseStepListener - stepStarted: net.thucydides.core.steps.ExecutedStepDescription@84e141a
[Test worker] INFO net.thucydides.core.steps.ConsoleLoggingListener - STARTING STEP user add user
[Test worker] WARN net.thucydides.core.steps.BaseStepListener - stepStarted: net.thucydides.core.steps.ExecutedStepDescription@7e51f05c
[Test worker] INFO net.thucydides.core.steps.ConsoleLoggingListener - STARTING STEP user clicks on 
[Test worker] WARN net.thucydides.core.steps.BaseStepListener - stepFinished: current outcome:User can register an customer:Example: {name=TigUne, email=servicio@tigune.com, nit=888881117-2, address=Cll 8 - 79A, tel=4478123, contact=Tim, emailcontact=Yanye@gmail.com, cel=3016786789} [Given user is loged on page with email "administrador@gmail.com" and Password "password" [user opens the web site [user opens the Login page], user login site [user enters 'administrador@gmail.com' into , user enters 'password' into , user clicks on ]], When user enter data
| name | email | nit | address | tel | contact | emailcontact | cel |
| TigUne | servicio@tigune.com | 888881117-2 | Cll 8 - 79A | 4478123 | Tim | Yanye@gmail.com | 3016786789 | [user enter registration data [user clicks on , user waiting for items, user clicks on , user enters 'TigUne' into , user enters 'servicio@tigune.com' into , user enters '888881117-2' into , user enters 'Cll 8 - 79A' into , user enters '4478123' into , user enters 'Tim' into , user enters 'Yanye@gmail.com' into , user enters '3016786789' into ]], And user save data [user add user [user clicks on ]]]
[Test worker] INFO net.thucydides.core.steps.ConsoleLoggingListener - FINISHING STEP
[Test worker] WARN net.thucydides.core.steps.BaseStepListener - stepFinished: current outcome:User can register an customer:Example: {name=TigUne, email=servicio@tigune.com, nit=888881117-2, address=Cll 8 - 79A, tel=4478123, contact=Tim, emailcontact=Yanye@gmail.com, cel=3016786789} [Given user is loged on page with email "administrador@gmail.com" and Password "password" [user opens the web site [user opens the Login page], user login site [user enters 'administrador@gmail.com' into , user enters 'password' into , user clicks on ]], When user enter data
| name | email | nit | address | tel | contact | emailcontact | cel |
| TigUne | servicio@tigune.com | 888881117-2 | Cll 8 - 79A | 4478123 | Tim | Yanye@gmail.com | 3016786789 | [user enter registration data [user clicks on , user waiting for items, user clicks on , user enters 'TigUne' into , user enters 'servicio@tigune.com' into , user enters '888881117-2' into , user enters 'Cll 8 - 79A' into , user enters '4478123' into , user enters 'Tim' into , user enters 'Yanye@gmail.com' into , user enters '3016786789' into ]], And user save data [user add user [user clicks on ]]]
[Test worker] INFO net.thucydides.core.steps.ConsoleLoggingListener - FINISHING STEP
[Test worker] WARN net.thucydides.core.steps.BaseStepListener - stepFinished: current outcome:User can register an customer:Example: {name=TigUne, email=servicio@tigune.com, nit=888881117-2, address=Cll 8 - 79A, tel=4478123, contact=Tim, emailcontact=Yanye@gmail.com, cel=3016786789} [Given user is loged on page with email "administrador@gmail.com" and Password "password" [user opens the web site [user opens the Login page], user login site [user enters 'administrador@gmail.com' into , user enters 'password' into , user clicks on ]], When user enter data
| name | email | nit | address | tel | contact | emailcontact | cel |
| TigUne | servicio@tigune.com | 888881117-2 | Cll 8 - 79A | 4478123 | Tim | Yanye@gmail.com | 3016786789 | [user enter registration data [user clicks on , user waiting for items, user clicks on , user enters 'TigUne' into , user enters 'servicio@tigune.com' into , user enters '888881117-2' into , user enters 'Cll 8 - 79A' into , user enters '4478123' into , user enters 'Tim' into , user enters 'Yanye@gmail.com' into , user enters '3016786789' into ]], And user save data [user add user [user clicks on ]]]
[Test worker] INFO net.thucydides.core.steps.ConsoleLoggingListener - FINISHING STEP
[Test worker] WARN net.thucydides.core.steps.BaseStepListener - stepStarted: net.thucydides.core.steps.ExecutedStepDescription@71936224
[Test worker] INFO net.thucydides.core.steps.ConsoleLoggingListener - STARTING STEP Then user sees register on customer table 888881117-2
[Test worker] WARN net.thucydides.core.steps.BaseStepListener - stepStarted: net.thucydides.core.steps.ExecutedStepDescription@412f150c
[Test worker] INFO net.thucydides.core.steps.ConsoleLoggingListener - STARTING STEP user consult customer information
[Test worker] WARN net.thucydides.core.steps.BaseStepListener - stepStarted: net.thucydides.core.steps.ExecutedStepDescription@5248b65e
[Test worker] INFO net.thucydides.core.steps.ConsoleLoggingListener - STARTING STEP user clicks on 
[Test worker] WARN net.thucydides.core.steps.BaseStepListener - stepFinished: current outcome:User can register an customer:Example: {name=TigUne, email=servicio@tigune.com, nit=888881117-2, address=Cll 8 - 79A, tel=4478123, contact=Tim, emailcontact=Yanye@gmail.com, cel=3016786789} [Given user is loged on page with email "administrador@gmail.com" and Password "password" [user opens the web site [user opens the Login page], user login site [user enters 'administrador@gmail.com' into , user enters 'password' into , user clicks on ]], When user enter data
| name | email | nit | address | tel | contact | emailcontact | cel |
| TigUne | servicio@tigune.com | 888881117-2 | Cll 8 - 79A | 4478123 | Tim | Yanye@gmail.com | 3016786789 | [user enter registration data [user clicks on , user waiting for items, user clicks on , user enters 'TigUne' into , user enters 'servicio@tigune.com' into , user enters '888881117-2' into , user enters 'Cll 8 - 79A' into , user enters '4478123' into , user enters 'Tim' into , user enters 'Yanye@gmail.com' into , user enters '3016786789' into ]], And user save data [user add user [user clicks on ]], Then user sees register on customer table 888881117-2 [user consult customer information [user clicks on ]]]
[Test worker] INFO net.thucydides.core.steps.ConsoleLoggingListener - FINISHING STEP
[Test worker] WARN net.thucydides.core.steps.BaseStepListener - stepStarted: net.thucydides.core.steps.ExecutedStepDescription@66b9784c
[Test worker] INFO net.thucydides.core.steps.ConsoleLoggingListener - STARTING STEP user enters '888881117-2' into 
[Test worker] WARN net.thucydides.core.steps.BaseStepListener - stepFinished: current outcome:User can register an customer:Example: {name=TigUne, email=servicio@tigune.com, nit=888881117-2, address=Cll 8 - 79A, tel=4478123, contact=Tim, emailcontact=Yanye@gmail.com, cel=3016786789} [Given user is loged on page with email "administrador@gmail.com" and Password "password" [user opens the web site [user opens the Login page], user login site [user enters 'administrador@gmail.com' into , user enters 'password' into , user clicks on ]], When user enter data
| name | email | nit | address | tel | contact | emailcontact | cel |
| TigUne | servicio@tigune.com | 888881117-2 | Cll 8 - 79A | 4478123 | Tim | Yanye@gmail.com | 3016786789 | [user enter registration data [user clicks on , user waiting for items, user clicks on , user enters 'TigUne' into , user enters 'servicio@tigune.com' into , user enters '888881117-2' into , user enters 'Cll 8 - 79A' into , user enters '4478123' into , user enters 'Tim' into , user enters 'Yanye@gmail.com' into , user enters '3016786789' into ]], And user save data [user add user [user clicks on ]], Then user sees register on customer table 888881117-2 [user consult customer information [user clicks on , user enters '888881117-2' into ]]]
[Test worker] INFO net.thucydides.core.steps.ConsoleLoggingListener - FINISHING STEP
[Test worker] WARN net.thucydides.core.steps.BaseStepListener - stepFinished: current outcome:User can register an customer:Example: {name=TigUne, email=servicio@tigune.com, nit=888881117-2, address=Cll 8 - 79A, tel=4478123, contact=Tim, emailcontact=Yanye@gmail.com, cel=3016786789} [Given user is loged on page with email "administrador@gmail.com" and Password "password" [user opens the web site [user opens the Login page], user login site [user enters 'administrador@gmail.com' into , user enters 'password' into , user clicks on ]], When user enter data
| name | email | nit | address | tel | contact | emailcontact | cel |
| TigUne | servicio@tigune.com | 888881117-2 | Cll 8 - 79A | 4478123 | Tim | Yanye@gmail.com | 3016786789 | [user enter registration data [user clicks on , user waiting for items, user clicks on , user enters 'TigUne' into , user enters 'servicio@tigune.com' into , user enters '888881117-2' into , user enters 'Cll 8 - 79A' into , user enters '4478123' into , user enters 'Tim' into , user enters 'Yanye@gmail.com' into , user enters '3016786789' into ]], And user save data [user add user [user clicks on ]], Then user sees register on customer table 888881117-2 [user consult customer information [user clicks on , user enters '888881117-2' into ]]]
[Test worker] INFO net.thucydides.core.steps.ConsoleLoggingListener - FINISHING STEP
[Test worker] WARN net.thucydides.core.steps.BaseStepListener - stepStarted: net.thucydides.core.steps.ExecutedStepDescription@2e8b5238
[Test worker] INFO net.thucydides.core.steps.ConsoleLoggingListener - STARTING STEP Then result search
[Test worker] WARN net.thucydides.core.steps.BaseStepListener - stepFinished: current outcome:User can register an customer:Example: {name=TigUne, email=servicio@tigune.com, nit=888881117-2, address=Cll 8 - 79A, tel=4478123, contact=Tim, emailcontact=Yanye@gmail.com, cel=3016786789} [Given user is loged on page with email "administrador@gmail.com" and Password "password" [user opens the web site [user opens the Login page], user login site [user enters 'administrador@gmail.com' into , user enters 'password' into , user clicks on ]], When user enter data
| name | email | nit | address | tel | contact | emailcontact | cel |
| TigUne | servicio@tigune.com | 888881117-2 | Cll 8 - 79A | 4478123 | Tim | Yanye@gmail.com | 3016786789 | [user enter registration data [user clicks on , user waiting for items, user clicks on , user enters 'TigUne' into , user enters 'servicio@tigune.com' into , user enters '888881117-2' into , user enters 'Cll 8 - 79A' into , user enters '4478123' into , user enters 'Tim' into , user enters 'Yanye@gmail.com' into , user enters '3016786789' into ]], And user save data [user add user [user clicks on ]], Then user sees register on customer table 888881117-2 [user consult customer information [user clicks on , user enters '888881117-2' into ], Then result search]]
[Test worker] INFO net.thucydides.core.steps.ConsoleLoggingListener - FINISHING STEP
[Test worker] WARN net.thucydides.core.steps.BaseStepListener - stepFinished: current outcome:User can register an customer:Example: {name=TigUne, email=servicio@tigune.com, nit=888881117-2, address=Cll 8 - 79A, tel=4478123, contact=Tim, emailcontact=Yanye@gmail.com, cel=3016786789} [Given user is loged on page with email "administrador@gmail.com" and Password "password" [user opens the web site [user opens the Login page], user login site [user enters 'administrador@gmail.com' into , user enters 'password' into , user clicks on ]], When user enter data
| name | email | nit | address | tel | contact | emailcontact | cel |
| TigUne | servicio@tigune.com | 888881117-2 | Cll 8 - 79A | 4478123 | Tim | Yanye@gmail.com | 3016786789 | [user enter registration data [user clicks on , user waiting for items, user clicks on , user enters 'TigUne' into , user enters 'servicio@tigune.com' into , user enters '888881117-2' into , user enters 'Cll 8 - 79A' into , user enters '4478123' into , user enters 'Tim' into , user enters 'Yanye@gmail.com' into , user enters '3016786789' into ]], And user save data [user add user [user clicks on ]], Then user sees register on customer table 888881117-2 [user consult customer information [user clicks on , user enters '888881117-2' into ], Then result search]]
[Test worker] INFO net.thucydides.core.steps.ConsoleLoggingListener - FINISHING STEP
[Test worker] WARN net.thucydides.core.steps.BaseStepListener - stepFinished: current outcome:User can register an customer:Example: {name=TigUne, email=servicio@tigune.com, nit=888881117-2, address=Cll 8 - 79A, tel=4478123, contact=Tim, emailcontact=Yanye@gmail.com, cel=3016786789} [Given user is loged on page with email "administrador@gmail.com" and Password "password" [user opens the web site [user opens the Login page], user login site [user enters 'administrador@gmail.com' into , user enters 'password' into , user clicks on ]], When user enter data
| name | email | nit | address | tel | contact | emailcontact | cel |
| TigUne | servicio@tigune.com | 888881117-2 | Cll 8 - 79A | 4478123 | Tim | Yanye@gmail.com | 3016786789 | [user enter registration data [user clicks on , user waiting for items, user clicks on , user enters 'TigUne' into , user enters 'servicio@tigune.com' into , user enters '888881117-2' into , user enters 'Cll 8 - 79A' into , user enters '4478123' into , user enters 'Tim' into , user enters 'Yanye@gmail.com' into , user enters '3016786789' into ]], And user save data [user add user [user clicks on ]], Then user sees register on customer table 888881117-2 [user consult customer information [user clicks on , user enters '888881117-2' into ], Then result search]]
[Test worker] INFO net.thucydides.core.steps.ConsoleLoggingListener - FINISHING STEP
[Test worker] WARN net.thucydides.core.steps.BaseStepListener - testFinished: User can register an customer:Example: {name=TigUne, email=servicio@tigune.com, nit=888881117-2, address=Cll 8 - 79A, tel=4478123, contact=Tim, emailcontact=Yanye@gmail.com, cel=3016786789} [Given user is loged on page with email "administrador@gmail.com" and Password "password" [user opens the web site [user opens the Login page], user login site [user enters 'administrador@gmail.com' into , user enters 'password' into , user clicks on ]], When user enter data
| name | email | nit | address | tel | contact | emailcontact | cel |
| TigUne | servicio@tigune.com | 888881117-2 | Cll 8 - 79A | 4478123 | Tim | Yanye@gmail.com | 3016786789 | [user enter registration data [user clicks on , user waiting for items, user clicks on , user enters 'TigUne' into , user enters 'servicio@tigune.com' into , user enters '888881117-2' into , user enters 'Cll 8 - 79A' into , user enters '4478123' into , user enters 'Tim' into , user enters 'Yanye@gmail.com' into , user enters '3016786789' into ]], And user save data [user add user [user clicks on ]], Then user sees register on customer table 888881117-2 [user consult customer information [user clicks on , user enters '888881117-2' into ], Then result search]]
[Test worker] WARN net.thucydides.core.steps.BaseStepListener - TestOutcomes: [User can register an customer:Example: {name=TigUne, email=servicio@tigune.com, nit=888881117-2, address=Cll 8 - 79A, tel=4478123, contact=Tim, emailcontact=Yanye@gmail.com, cel=3016786789} [Given user is loged on page with email "administrador@gmail.com" and Password "password" [user opens the web site [user opens the Login page], user login site [user enters 'administrador@gmail.com' into , user enters 'password' into , user clicks on ]], When user enter data
| name | email | nit | address | tel | contact | emailcontact | cel |
| TigUne | servicio@tigune.com | 888881117-2 | Cll 8 - 79A | 4478123 | Tim | Yanye@gmail.com | 3016786789 | [user enter registration data [user clicks on , user waiting for items, user clicks on , user enters 'TigUne' into , user enters 'servicio@tigune.com' into , user enters '888881117-2' into , user enters 'Cll 8 - 79A' into , user enters '4478123' into , user enters 'Tim' into , user enters 'Yanye@gmail.com' into , user enters '3016786789' into ]], And user save data [user add user [user clicks on ]], Then user sees register on customer table 888881117-2 [user consult customer information [user clicks on , user enters '888881117-2' into ], Then result search]]]
[Test worker] WARN net.thucydides.core.steps.BaseStepListener - Final testOutcomes: [User can register an customer:Example: {name=TigUne, email=servicio@tigune.com, nit=888881117-2, address=Cll 8 - 79A, tel=4478123, contact=Tim, emailcontact=Yanye@gmail.com, cel=3016786789} [Given user is loged on page with email "administrador@gmail.com" and Password "password" [user opens the web site [user opens the Login page], user login site [user enters 'administrador@gmail.com' into , user enters 'password' into , user clicks on ]], When user enter data
| name | email | nit | address | tel | contact | emailcontact | cel |
| TigUne | servicio@tigune.com | 888881117-2 | Cll 8 - 79A | 4478123 | Tim | Yanye@gmail.com | 3016786789 | [user enter registration data [user clicks on , user waiting for items, user clicks on , user enters 'TigUne' into , user enters 'servicio@tigune.com' into , user enters '888881117-2' into , user enters 'Cll 8 - 79A' into , user enters '4478123' into , user enters 'Tim' into , user enters 'Yanye@gmail.com' into , user enters '3016786789' into ]], And user save data [user add user [user clicks on ]], Then user sees register on customer table 888881117-2 [user consult customer information [user clicks on , user enters '888881117-2' into ], Then result search]]]
[Test worker] INFO net.thucydides.core.steps.ConsoleLoggingListener - ?[92m
        __    _____ _____ ____ _____   ____   _    ____  ____  _____ ____  
  _     \ \  |_   _| ____/ ___|_   _| |  _ \ / \  / ___|/ ___|| ____|  _ \ 
 (_)_____| |   | | |  _| \___ \ | |   | |_) / _ \ \___ \\___ \|  _| | | | |
  _|_____| |   | | | |___ ___) || |   |  __/ ___ \ ___) |___) | |___| |_| |
 (_)     | |   |_| |_____|____/ |_|   |_| /_/   \_\____/|____/|_____|____/ 
        /_/                                                                

TEST PASSED: User can register an customer
----------------------------------------------------------------------------?[0m
]]></system-err>
</testsuite>
