<?xml version="1.0" encoding="UTF-8"?>
<testsuite name="Manage schedule" tests="1" skipped="0" failures="0" errors="0" timestamp="2020-11-09T23:20:09" hostname="DESKTOP-35IE40O" time="27.318">
  <properties/>
  <testcase name="User can modify schedule register" classname="Manage schedule" time="27.318"/>
  <system-out><![CDATA[]]></system-out>
  <system-err><![CDATA[[Test worker] WARN net.thucydides.core.steps.BaseStepListener - stepStarted: net.thucydides.core.steps.ExecutedStepDescription@1499dfa
[Test worker] INFO net.thucydides.core.steps.ConsoleLoggingListener - STARTING STEP Given user is loged on page with email "administrador@gmail.com" and Password "password"
[Test worker] INFO io.github.bonigarcia.wdm.WebDriverManager - Using chromedriver 86.0.4240.22 (since Google Chrome 86 is installed in your machine)
[Test worker] INFO io.github.bonigarcia.wdm.WebDriverManager - Exporting webdriver.chrome.driver as C:\Users\ASUS\.m2\repository\webdriver\chromedriver\win32\86.0.4240.22\chromedriver.exe
Starting ChromeDriver 86.0.4240.22 (398b0743353ff36fb1b82468f63a3a93b4e2e89e-refs/branch-heads/4240@{#378}) on port 44269
Only local connections are allowed.
Please see https://chromedriver.chromium.org/security-considerations for suggestions on keeping ChromeDriver safe.
ChromeDriver was started successfully.
nov 09, 2020 6:20:13 PM org.openqa.selenium.remote.ProtocolHandshake createSession
INFORMACIÓN: Detected dialect: W3C
[Test worker] WARN net.thucydides.core.steps.BaseStepListener - stepStarted: net.thucydides.core.steps.ExecutedStepDescription@d2a588
[Test worker] INFO net.thucydides.core.steps.ConsoleLoggingListener - STARTING STEP user opens the web site
[Test worker] WARN net.thucydides.core.steps.BaseStepListener - stepStarted: net.thucydides.core.steps.ExecutedStepDescription@1aeb31
[Test worker] INFO net.thucydides.core.steps.ConsoleLoggingListener - STARTING STEP user opens the Login page
[Test worker] WARN net.thucydides.core.steps.BaseStepListener - stepFinished: current outcome:User can modify schedule register:Example: {planta=Correas - Sistema motriz, ejecutor=Juan, ubicacion=GUAYABAL, fechaInicial=09/11/2020, equipo=prueba dos, fechaFin=10/11/2020, denominacion=esta es una prueba de actualizar, horaInicio=0345AM, orden=4567891, horaFin=0445PM, operacion=prueba dos} [Given user is loged on page with email "administrador@gmail.com" and Password "password" [user opens the web site [user opens the Login page]]]
[Test worker] INFO net.thucydides.core.steps.ConsoleLoggingListener - FINISHING STEP
[Test worker] WARN net.thucydides.core.steps.BaseStepListener - stepFinished: current outcome:User can modify schedule register:Example: {planta=Correas - Sistema motriz, ejecutor=Juan, ubicacion=GUAYABAL, fechaInicial=09/11/2020, equipo=prueba dos, fechaFin=10/11/2020, denominacion=esta es una prueba de actualizar, horaInicio=0345AM, orden=4567891, horaFin=0445PM, operacion=prueba dos} [Given user is loged on page with email "administrador@gmail.com" and Password "password" [user opens the web site [user opens the Login page]]]
[Test worker] INFO net.thucydides.core.steps.ConsoleLoggingListener - FINISHING STEP
[Test worker] WARN net.thucydides.core.steps.BaseStepListener - stepStarted: net.thucydides.core.steps.ExecutedStepDescription@341792
[Test worker] INFO net.thucydides.core.steps.ConsoleLoggingListener - STARTING STEP user login site
[Test worker] WARN net.thucydides.core.steps.BaseStepListener - stepStarted: net.thucydides.core.steps.ExecutedStepDescription@434b3f
[Test worker] INFO net.thucydides.core.steps.ConsoleLoggingListener - STARTING STEP user enters 'administrador@gmail.com' into 
[Test worker] WARN net.thucydides.core.steps.BaseStepListener - stepFinished: current outcome:User can modify schedule register:Example: {planta=Correas - Sistema motriz, ejecutor=Juan, ubicacion=GUAYABAL, fechaInicial=09/11/2020, equipo=prueba dos, fechaFin=10/11/2020, denominacion=esta es una prueba de actualizar, horaInicio=0345AM, orden=4567891, horaFin=0445PM, operacion=prueba dos} [Given user is loged on page with email "administrador@gmail.com" and Password "password" [user opens the web site [user opens the Login page], user login site [user enters 'administrador@gmail.com' into ]]]
[Test worker] INFO net.thucydides.core.steps.ConsoleLoggingListener - FINISHING STEP
[Test worker] WARN net.thucydides.core.steps.BaseStepListener - stepStarted: net.thucydides.core.steps.ExecutedStepDescription@1e1561d
[Test worker] INFO net.thucydides.core.steps.ConsoleLoggingListener - STARTING STEP user enters 'password' into 
[Test worker] WARN net.thucydides.core.steps.BaseStepListener - stepFinished: current outcome:User can modify schedule register:Example: {planta=Correas - Sistema motriz, ejecutor=Juan, ubicacion=GUAYABAL, fechaInicial=09/11/2020, equipo=prueba dos, fechaFin=10/11/2020, denominacion=esta es una prueba de actualizar, horaInicio=0345AM, orden=4567891, horaFin=0445PM, operacion=prueba dos} [Given user is loged on page with email "administrador@gmail.com" and Password "password" [user opens the web site [user opens the Login page], user login site [user enters 'administrador@gmail.com' into , user enters 'password' into ]]]
[Test worker] INFO net.thucydides.core.steps.ConsoleLoggingListener - FINISHING STEP
[Test worker] WARN net.thucydides.core.steps.BaseStepListener - stepStarted: net.thucydides.core.steps.ExecutedStepDescription@ff1095
[Test worker] INFO net.thucydides.core.steps.ConsoleLoggingListener - STARTING STEP user clicks on 
[Test worker] WARN net.thucydides.core.steps.BaseStepListener - stepFinished: current outcome:User can modify schedule register:Example: {planta=Correas - Sistema motriz, ejecutor=Juan, ubicacion=GUAYABAL, fechaInicial=09/11/2020, equipo=prueba dos, fechaFin=10/11/2020, denominacion=esta es una prueba de actualizar, horaInicio=0345AM, orden=4567891, horaFin=0445PM, operacion=prueba dos} [Given user is loged on page with email "administrador@gmail.com" and Password "password" [user opens the web site [user opens the Login page], user login site [user enters 'administrador@gmail.com' into , user enters 'password' into , user clicks on ]]]
[Test worker] INFO net.thucydides.core.steps.ConsoleLoggingListener - FINISHING STEP
[Test worker] WARN net.thucydides.core.steps.BaseStepListener - stepFinished: current outcome:User can modify schedule register:Example: {planta=Correas - Sistema motriz, ejecutor=Juan, ubicacion=GUAYABAL, fechaInicial=09/11/2020, equipo=prueba dos, fechaFin=10/11/2020, denominacion=esta es una prueba de actualizar, horaInicio=0345AM, orden=4567891, horaFin=0445PM, operacion=prueba dos} [Given user is loged on page with email "administrador@gmail.com" and Password "password" [user opens the web site [user opens the Login page], user login site [user enters 'administrador@gmail.com' into , user enters 'password' into , user clicks on ]]]
[Test worker] INFO net.thucydides.core.steps.ConsoleLoggingListener - FINISHING STEP
[Test worker] WARN net.thucydides.core.steps.BaseStepListener - stepFinished: current outcome:User can modify schedule register:Example: {planta=Correas - Sistema motriz, ejecutor=Juan, ubicacion=GUAYABAL, fechaInicial=09/11/2020, equipo=prueba dos, fechaFin=10/11/2020, denominacion=esta es una prueba de actualizar, horaInicio=0345AM, orden=4567891, horaFin=0445PM, operacion=prueba dos} [Given user is loged on page with email "administrador@gmail.com" and Password "password" [user opens the web site [user opens the Login page], user login site [user enters 'administrador@gmail.com' into , user enters 'password' into , user clicks on ]]]
[Test worker] INFO net.thucydides.core.steps.ConsoleLoggingListener - FINISHING STEP
[Test worker] WARN net.thucydides.core.steps.BaseStepListener - stepStarted: net.thucydides.core.steps.ExecutedStepDescription@105ce33
[Test worker] INFO net.thucydides.core.steps.ConsoleLoggingListener - STARTING STEP When user looks for schedule 456789 to update their information
[Test worker] WARN net.thucydides.core.steps.BaseStepListener - stepStarted: net.thucydides.core.steps.ExecutedStepDescription@19c1837
[Test worker] INFO net.thucydides.core.steps.ConsoleLoggingListener - STARTING STEP user edit shedule
[Test worker] WARN net.thucydides.core.steps.BaseStepListener - stepStarted: net.thucydides.core.steps.ExecutedStepDescription@138fdbb
[Test worker] INFO net.thucydides.core.steps.ConsoleLoggingListener - STARTING STEP user clicks on 
[Test worker] WARN net.thucydides.core.steps.BaseStepListener - stepFinished: current outcome:User can modify schedule register:Example: {planta=Correas - Sistema motriz, ejecutor=Juan, ubicacion=GUAYABAL, fechaInicial=09/11/2020, equipo=prueba dos, fechaFin=10/11/2020, denominacion=esta es una prueba de actualizar, horaInicio=0345AM, orden=4567891, horaFin=0445PM, operacion=prueba dos} [Given user is loged on page with email "administrador@gmail.com" and Password "password" [user opens the web site [user opens the Login page], user login site [user enters 'administrador@gmail.com' into , user enters 'password' into , user clicks on ]], When user looks for schedule 456789 to update their information [user edit shedule [user clicks on ]]]
[Test worker] INFO net.thucydides.core.steps.ConsoleLoggingListener - FINISHING STEP
[Test worker] WARN net.thucydides.core.steps.BaseStepListener - stepStarted: net.thucydides.core.steps.ExecutedStepDescription@41b5bd
[Test worker] INFO net.thucydides.core.steps.ConsoleLoggingListener - STARTING STEP user enters '456789' into 
[Test worker] WARN net.thucydides.core.steps.BaseStepListener - stepFinished: current outcome:User can modify schedule register:Example: {planta=Correas - Sistema motriz, ejecutor=Juan, ubicacion=GUAYABAL, fechaInicial=09/11/2020, equipo=prueba dos, fechaFin=10/11/2020, denominacion=esta es una prueba de actualizar, horaInicio=0345AM, orden=4567891, horaFin=0445PM, operacion=prueba dos} [Given user is loged on page with email "administrador@gmail.com" and Password "password" [user opens the web site [user opens the Login page], user login site [user enters 'administrador@gmail.com' into , user enters 'password' into , user clicks on ]], When user looks for schedule 456789 to update their information [user edit shedule [user clicks on , user enters '456789' into ]]]
[Test worker] INFO net.thucydides.core.steps.ConsoleLoggingListener - FINISHING STEP
[Test worker] WARN net.thucydides.core.steps.BaseStepListener - stepStarted: net.thucydides.core.steps.ExecutedStepDescription@db767f
[Test worker] INFO net.thucydides.core.steps.ConsoleLoggingListener - STARTING STEP user clicks on 
[Test worker] WARN net.thucydides.core.steps.BaseStepListener - stepFinished: current outcome:User can modify schedule register:Example: {planta=Correas - Sistema motriz, ejecutor=Juan, ubicacion=GUAYABAL, fechaInicial=09/11/2020, equipo=prueba dos, fechaFin=10/11/2020, denominacion=esta es una prueba de actualizar, horaInicio=0345AM, orden=4567891, horaFin=0445PM, operacion=prueba dos} [Given user is loged on page with email "administrador@gmail.com" and Password "password" [user opens the web site [user opens the Login page], user login site [user enters 'administrador@gmail.com' into , user enters 'password' into , user clicks on ]], When user looks for schedule 456789 to update their information [user edit shedule [user clicks on , user enters '456789' into , user clicks on ]]]
[Test worker] INFO net.thucydides.core.steps.ConsoleLoggingListener - FINISHING STEP
[Test worker] WARN net.thucydides.core.steps.BaseStepListener - stepStarted: net.thucydides.core.steps.ExecutedStepDescription@a51f61
[Test worker] INFO net.thucydides.core.steps.ConsoleLoggingListener - STARTING STEP user clicks on 
[Test worker] WARN net.thucydides.core.steps.BaseStepListener - stepFinished: current outcome:User can modify schedule register:Example: {planta=Correas - Sistema motriz, ejecutor=Juan, ubicacion=GUAYABAL, fechaInicial=09/11/2020, equipo=prueba dos, fechaFin=10/11/2020, denominacion=esta es una prueba de actualizar, horaInicio=0345AM, orden=4567891, horaFin=0445PM, operacion=prueba dos} [Given user is loged on page with email "administrador@gmail.com" and Password "password" [user opens the web site [user opens the Login page], user login site [user enters 'administrador@gmail.com' into , user enters 'password' into , user clicks on ]], When user looks for schedule 456789 to update their information [user edit shedule [user clicks on , user enters '456789' into , user clicks on , user clicks on ]]]
[Test worker] INFO net.thucydides.core.steps.ConsoleLoggingListener - FINISHING STEP
[Test worker] WARN net.thucydides.core.steps.BaseStepListener - stepFinished: current outcome:User can modify schedule register:Example: {planta=Correas - Sistema motriz, ejecutor=Juan, ubicacion=GUAYABAL, fechaInicial=09/11/2020, equipo=prueba dos, fechaFin=10/11/2020, denominacion=esta es una prueba de actualizar, horaInicio=0345AM, orden=4567891, horaFin=0445PM, operacion=prueba dos} [Given user is loged on page with email "administrador@gmail.com" and Password "password" [user opens the web site [user opens the Login page], user login site [user enters 'administrador@gmail.com' into , user enters 'password' into , user clicks on ]], When user looks for schedule 456789 to update their information [user edit shedule [user clicks on , user enters '456789' into , user clicks on , user clicks on ]]]
[Test worker] INFO net.thucydides.core.steps.ConsoleLoggingListener - FINISHING STEP
[Test worker] WARN net.thucydides.core.steps.BaseStepListener - stepFinished: current outcome:User can modify schedule register:Example: {planta=Correas - Sistema motriz, ejecutor=Juan, ubicacion=GUAYABAL, fechaInicial=09/11/2020, equipo=prueba dos, fechaFin=10/11/2020, denominacion=esta es una prueba de actualizar, horaInicio=0345AM, orden=4567891, horaFin=0445PM, operacion=prueba dos} [Given user is loged on page with email "administrador@gmail.com" and Password "password" [user opens the web site [user opens the Login page], user login site [user enters 'administrador@gmail.com' into , user enters 'password' into , user clicks on ]], When user looks for schedule 456789 to update their information [user edit shedule [user clicks on , user enters '456789' into , user clicks on , user clicks on ]]]
[Test worker] INFO net.thucydides.core.steps.ConsoleLoggingListener - FINISHING STEP
[Test worker] WARN net.thucydides.core.steps.BaseStepListener - stepStarted: net.thucydides.core.steps.ExecutedStepDescription@1dff576
[Test worker] INFO net.thucydides.core.steps.ConsoleLoggingListener - STARTING STEP And user enters new schedule data
| planta | ejecutor | ubicacion | fechaInicial | equipo | fechaFin | denominacion | horaInicio | orden | horaFin | operacion |
| Correas - Sistema motriz | Juan | GUAYABAL | 09/11/2020 | prueba dos | 10/11/2020 | esta es una prueba de actualizar | 0345AM | 4567891 | 0445PM | prueba dos |
[Test worker] WARN net.thucydides.core.steps.BaseStepListener - stepStarted: net.thucydides.core.steps.ExecutedStepDescription@6331cb
[Test worker] INFO net.thucydides.core.steps.ConsoleLoggingListener - STARTING STEP user update user
[Test worker] WARN net.thucydides.core.steps.BaseStepListener - stepStarted: net.thucydides.core.steps.ExecutedStepDescription@f9c35f
[Test worker] INFO net.thucydides.core.steps.ConsoleLoggingListener - STARTING STEP user waiting for items
[Test worker] WARN net.thucydides.core.steps.BaseStepListener - stepFinished: current outcome:User can modify schedule register:Example: {planta=Correas - Sistema motriz, ejecutor=Juan, ubicacion=GUAYABAL, fechaInicial=09/11/2020, equipo=prueba dos, fechaFin=10/11/2020, denominacion=esta es una prueba de actualizar, horaInicio=0345AM, orden=4567891, horaFin=0445PM, operacion=prueba dos} [Given user is loged on page with email "administrador@gmail.com" and Password "password" [user opens the web site [user opens the Login page], user login site [user enters 'administrador@gmail.com' into , user enters 'password' into , user clicks on ]], When user looks for schedule 456789 to update their information [user edit shedule [user clicks on , user enters '456789' into , user clicks on , user clicks on ]], And user enters new schedule data
| planta | ejecutor | ubicacion | fechaInicial | equipo | fechaFin | denominacion | horaInicio | orden | horaFin | operacion |
| Correas - Sistema motriz | Juan | GUAYABAL | 09/11/2020 | prueba dos | 10/11/2020 | esta es una prueba de actualizar | 0345AM | 4567891 | 0445PM | prueba dos | [user update user [user waiting for items]]]
[Test worker] INFO net.thucydides.core.steps.ConsoleLoggingListener - FINISHING STEP
[Test worker] WARN net.thucydides.core.steps.BaseStepListener - stepStarted: net.thucydides.core.steps.ExecutedStepDescription@1c31b34
[Test worker] INFO net.thucydides.core.steps.ConsoleLoggingListener - STARTING STEP user clicks on 
[Test worker] WARN net.thucydides.core.steps.BaseStepListener - stepFinished: current outcome:User can modify schedule register:Example: {planta=Correas - Sistema motriz, ejecutor=Juan, ubicacion=GUAYABAL, fechaInicial=09/11/2020, equipo=prueba dos, fechaFin=10/11/2020, denominacion=esta es una prueba de actualizar, horaInicio=0345AM, orden=4567891, horaFin=0445PM, operacion=prueba dos} [Given user is loged on page with email "administrador@gmail.com" and Password "password" [user opens the web site [user opens the Login page], user login site [user enters 'administrador@gmail.com' into , user enters 'password' into , user clicks on ]], When user looks for schedule 456789 to update their information [user edit shedule [user clicks on , user enters '456789' into , user clicks on , user clicks on ]], And user enters new schedule data
| planta | ejecutor | ubicacion | fechaInicial | equipo | fechaFin | denominacion | horaInicio | orden | horaFin | operacion |
| Correas - Sistema motriz | Juan | GUAYABAL | 09/11/2020 | prueba dos | 10/11/2020 | esta es una prueba de actualizar | 0345AM | 4567891 | 0445PM | prueba dos | [user update user [user waiting for items, user clicks on ]]]
[Test worker] INFO net.thucydides.core.steps.ConsoleLoggingListener - FINISHING STEP
[Test worker] WARN net.thucydides.core.steps.BaseStepListener - stepStarted: net.thucydides.core.steps.ExecutedStepDescription@1a5cd8
[Test worker] INFO net.thucydides.core.steps.ConsoleLoggingListener - STARTING STEP user clicks on 
[Test worker] WARN net.thucydides.core.steps.BaseStepListener - stepFinished: current outcome:User can modify schedule register:Example: {planta=Correas - Sistema motriz, ejecutor=Juan, ubicacion=GUAYABAL, fechaInicial=09/11/2020, equipo=prueba dos, fechaFin=10/11/2020, denominacion=esta es una prueba de actualizar, horaInicio=0345AM, orden=4567891, horaFin=0445PM, operacion=prueba dos} [Given user is loged on page with email "administrador@gmail.com" and Password "password" [user opens the web site [user opens the Login page], user login site [user enters 'administrador@gmail.com' into , user enters 'password' into , user clicks on ]], When user looks for schedule 456789 to update their information [user edit shedule [user clicks on , user enters '456789' into , user clicks on , user clicks on ]], And user enters new schedule data
| planta | ejecutor | ubicacion | fechaInicial | equipo | fechaFin | denominacion | horaInicio | orden | horaFin | operacion |
| Correas - Sistema motriz | Juan | GUAYABAL | 09/11/2020 | prueba dos | 10/11/2020 | esta es una prueba de actualizar | 0345AM | 4567891 | 0445PM | prueba dos | [user update user [user waiting for items, user clicks on , user clicks on ]]]
[Test worker] INFO net.thucydides.core.steps.ConsoleLoggingListener - FINISHING STEP
[Test worker] WARN net.thucydides.core.steps.BaseStepListener - stepStarted: net.thucydides.core.steps.ExecutedStepDescription@65788b
[Test worker] INFO net.thucydides.core.steps.ConsoleLoggingListener - STARTING STEP user enters 'Juan' into 
[Test worker] WARN net.thucydides.core.steps.BaseStepListener - stepFinished: current outcome:User can modify schedule register:Example: {planta=Correas - Sistema motriz, ejecutor=Juan, ubicacion=GUAYABAL, fechaInicial=09/11/2020, equipo=prueba dos, fechaFin=10/11/2020, denominacion=esta es una prueba de actualizar, horaInicio=0345AM, orden=4567891, horaFin=0445PM, operacion=prueba dos} [Given user is loged on page with email "administrador@gmail.com" and Password "password" [user opens the web site [user opens the Login page], user login site [user enters 'administrador@gmail.com' into , user enters 'password' into , user clicks on ]], When user looks for schedule 456789 to update their information [user edit shedule [user clicks on , user enters '456789' into , user clicks on , user clicks on ]], And user enters new schedule data
| planta | ejecutor | ubicacion | fechaInicial | equipo | fechaFin | denominacion | horaInicio | orden | horaFin | operacion |
| Correas - Sistema motriz | Juan | GUAYABAL | 09/11/2020 | prueba dos | 10/11/2020 | esta es una prueba de actualizar | 0345AM | 4567891 | 0445PM | prueba dos | [user update user [user waiting for items, user clicks on , user clicks on , user enters 'Juan' into ]]]
[Test worker] INFO net.thucydides.core.steps.ConsoleLoggingListener - FINISHING STEP
[Test worker] WARN net.thucydides.core.steps.BaseStepListener - stepStarted: net.thucydides.core.steps.ExecutedStepDescription@f58dad
[Test worker] INFO net.thucydides.core.steps.ConsoleLoggingListener - STARTING STEP user clicks on 
[Test worker] WARN net.thucydides.core.steps.BaseStepListener - stepFinished: current outcome:User can modify schedule register:Example: {planta=Correas - Sistema motriz, ejecutor=Juan, ubicacion=GUAYABAL, fechaInicial=09/11/2020, equipo=prueba dos, fechaFin=10/11/2020, denominacion=esta es una prueba de actualizar, horaInicio=0345AM, orden=4567891, horaFin=0445PM, operacion=prueba dos} [Given user is loged on page with email "administrador@gmail.com" and Password "password" [user opens the web site [user opens the Login page], user login site [user enters 'administrador@gmail.com' into , user enters 'password' into , user clicks on ]], When user looks for schedule 456789 to update their information [user edit shedule [user clicks on , user enters '456789' into , user clicks on , user clicks on ]], And user enters new schedule data
| planta | ejecutor | ubicacion | fechaInicial | equipo | fechaFin | denominacion | horaInicio | orden | horaFin | operacion |
| Correas - Sistema motriz | Juan | GUAYABAL | 09/11/2020 | prueba dos | 10/11/2020 | esta es una prueba de actualizar | 0345AM | 4567891 | 0445PM | prueba dos | [user update user [user waiting for items, user clicks on , user clicks on , user enters 'Juan' into , user clicks on ]]]
[Test worker] INFO net.thucydides.core.steps.ConsoleLoggingListener - FINISHING STEP
[Test worker] WARN net.thucydides.core.steps.BaseStepListener - stepStarted: net.thucydides.core.steps.ExecutedStepDescription@1a0d5a
[Test worker] INFO net.thucydides.core.steps.ConsoleLoggingListener - STARTING STEP user clicks on 
[Test worker] WARN net.thucydides.core.steps.BaseStepListener - stepFinished: current outcome:User can modify schedule register:Example: {planta=Correas - Sistema motriz, ejecutor=Juan, ubicacion=GUAYABAL, fechaInicial=09/11/2020, equipo=prueba dos, fechaFin=10/11/2020, denominacion=esta es una prueba de actualizar, horaInicio=0345AM, orden=4567891, horaFin=0445PM, operacion=prueba dos} [Given user is loged on page with email "administrador@gmail.com" and Password "password" [user opens the web site [user opens the Login page], user login site [user enters 'administrador@gmail.com' into , user enters 'password' into , user clicks on ]], When user looks for schedule 456789 to update their information [user edit shedule [user clicks on , user enters '456789' into , user clicks on , user clicks on ]], And user enters new schedule data
| planta | ejecutor | ubicacion | fechaInicial | equipo | fechaFin | denominacion | horaInicio | orden | horaFin | operacion |
| Correas - Sistema motriz | Juan | GUAYABAL | 09/11/2020 | prueba dos | 10/11/2020 | esta es una prueba de actualizar | 0345AM | 4567891 | 0445PM | prueba dos | [user update user [user waiting for items, user clicks on , user clicks on , user enters 'Juan' into , user clicks on , user clicks on ]]]
[Test worker] INFO net.thucydides.core.steps.ConsoleLoggingListener - FINISHING STEP
[Test worker] WARN net.thucydides.core.steps.BaseStepListener - stepStarted: net.thucydides.core.steps.ExecutedStepDescription@df0153
[Test worker] INFO net.thucydides.core.steps.ConsoleLoggingListener - STARTING STEP user enters '09/11/2020' into 
[Test worker] WARN net.thucydides.core.steps.BaseStepListener - stepFinished: current outcome:User can modify schedule register:Example: {planta=Correas - Sistema motriz, ejecutor=Juan, ubicacion=GUAYABAL, fechaInicial=09/11/2020, equipo=prueba dos, fechaFin=10/11/2020, denominacion=esta es una prueba de actualizar, horaInicio=0345AM, orden=4567891, horaFin=0445PM, operacion=prueba dos} [Given user is loged on page with email "administrador@gmail.com" and Password "password" [user opens the web site [user opens the Login page], user login site [user enters 'administrador@gmail.com' into , user enters 'password' into , user clicks on ]], When user looks for schedule 456789 to update their information [user edit shedule [user clicks on , user enters '456789' into , user clicks on , user clicks on ]], And user enters new schedule data
| planta | ejecutor | ubicacion | fechaInicial | equipo | fechaFin | denominacion | horaInicio | orden | horaFin | operacion |
| Correas - Sistema motriz | Juan | GUAYABAL | 09/11/2020 | prueba dos | 10/11/2020 | esta es una prueba de actualizar | 0345AM | 4567891 | 0445PM | prueba dos | [user update user [user waiting for items, user clicks on , user clicks on , user enters 'Juan' into , user clicks on , user clicks on , user enters '09/11/2020' into ]]]
[Test worker] INFO net.thucydides.core.steps.ConsoleLoggingListener - FINISHING STEP
[Test worker] WARN net.thucydides.core.steps.BaseStepListener - stepStarted: net.thucydides.core.steps.ExecutedStepDescription@de746c
[Test worker] INFO net.thucydides.core.steps.ConsoleLoggingListener - STARTING STEP user enters 'prueba dos' into 
[Test worker] WARN net.thucydides.core.steps.BaseStepListener - stepFinished: current outcome:User can modify schedule register:Example: {planta=Correas - Sistema motriz, ejecutor=Juan, ubicacion=GUAYABAL, fechaInicial=09/11/2020, equipo=prueba dos, fechaFin=10/11/2020, denominacion=esta es una prueba de actualizar, horaInicio=0345AM, orden=4567891, horaFin=0445PM, operacion=prueba dos} [Given user is loged on page with email "administrador@gmail.com" and Password "password" [user opens the web site [user opens the Login page], user login site [user enters 'administrador@gmail.com' into , user enters 'password' into , user clicks on ]], When user looks for schedule 456789 to update their information [user edit shedule [user clicks on , user enters '456789' into , user clicks on , user clicks on ]], And user enters new schedule data
| planta | ejecutor | ubicacion | fechaInicial | equipo | fechaFin | denominacion | horaInicio | orden | horaFin | operacion |
| Correas - Sistema motriz | Juan | GUAYABAL | 09/11/2020 | prueba dos | 10/11/2020 | esta es una prueba de actualizar | 0345AM | 4567891 | 0445PM | prueba dos | [user update user [user waiting for items, user clicks on , user clicks on , user enters 'Juan' into , user clicks on , user clicks on , user enters '09/11/2020' into , user enters 'prueba dos' into ]]]
[Test worker] INFO net.thucydides.core.steps.ConsoleLoggingListener - FINISHING STEP
[Test worker] WARN net.thucydides.core.steps.BaseStepListener - stepStarted: net.thucydides.core.steps.ExecutedStepDescription@97328f
[Test worker] INFO net.thucydides.core.steps.ConsoleLoggingListener - STARTING STEP user enters '10/11/2020' into 
[Test worker] WARN net.thucydides.core.steps.BaseStepListener - stepFinished: current outcome:User can modify schedule register:Example: {planta=Correas - Sistema motriz, ejecutor=Juan, ubicacion=GUAYABAL, fechaInicial=09/11/2020, equipo=prueba dos, fechaFin=10/11/2020, denominacion=esta es una prueba de actualizar, horaInicio=0345AM, orden=4567891, horaFin=0445PM, operacion=prueba dos} [Given user is loged on page with email "administrador@gmail.com" and Password "password" [user opens the web site [user opens the Login page], user login site [user enters 'administrador@gmail.com' into , user enters 'password' into , user clicks on ]], When user looks for schedule 456789 to update their information [user edit shedule [user clicks on , user enters '456789' into , user clicks on , user clicks on ]], And user enters new schedule data
| planta | ejecutor | ubicacion | fechaInicial | equipo | fechaFin | denominacion | horaInicio | orden | horaFin | operacion |
| Correas - Sistema motriz | Juan | GUAYABAL | 09/11/2020 | prueba dos | 10/11/2020 | esta es una prueba de actualizar | 0345AM | 4567891 | 0445PM | prueba dos | [user update user [user waiting for items, user clicks on , user clicks on , user enters 'Juan' into , user clicks on , user clicks on , user enters '09/11/2020' into , user enters 'prueba dos' into , user enters '10/11/2020' into ]]]
[Test worker] INFO net.thucydides.core.steps.ConsoleLoggingListener - FINISHING STEP
[Test worker] WARN net.thucydides.core.steps.BaseStepListener - stepStarted: net.thucydides.core.steps.ExecutedStepDescription@1216907
[Test worker] INFO net.thucydides.core.steps.ConsoleLoggingListener - STARTING STEP user enters 'esta es una prueba de actualizar' into 
[Test worker] WARN net.thucydides.core.steps.BaseStepListener - stepFinished: current outcome:User can modify schedule register:Example: {planta=Correas - Sistema motriz, ejecutor=Juan, ubicacion=GUAYABAL, fechaInicial=09/11/2020, equipo=prueba dos, fechaFin=10/11/2020, denominacion=esta es una prueba de actualizar, horaInicio=0345AM, orden=4567891, horaFin=0445PM, operacion=prueba dos} [Given user is loged on page with email "administrador@gmail.com" and Password "password" [user opens the web site [user opens the Login page], user login site [user enters 'administrador@gmail.com' into , user enters 'password' into , user clicks on ]], When user looks for schedule 456789 to update their information [user edit shedule [user clicks on , user enters '456789' into , user clicks on , user clicks on ]], And user enters new schedule data
| planta | ejecutor | ubicacion | fechaInicial | equipo | fechaFin | denominacion | horaInicio | orden | horaFin | operacion |
| Correas - Sistema motriz | Juan | GUAYABAL | 09/11/2020 | prueba dos | 10/11/2020 | esta es una prueba de actualizar | 0345AM | 4567891 | 0445PM | prueba dos | [user update user [user waiting for items, user clicks on , user clicks on , user enters 'Juan' into , user clicks on , user clicks on , user enters '09/11/2020' into , user enters 'prueba dos' into , user enters '10/11/2020' into , user enters 'esta es una prueba de actualizar' into ]]]
[Test worker] INFO net.thucydides.core.steps.ConsoleLoggingListener - FINISHING STEP
[Test worker] WARN net.thucydides.core.steps.BaseStepListener - stepStarted: net.thucydides.core.steps.ExecutedStepDescription@1c24f23
[Test worker] INFO net.thucydides.core.steps.ConsoleLoggingListener - STARTING STEP user enters '0345AM' into 
[Test worker] WARN net.thucydides.core.steps.BaseStepListener - stepFinished: current outcome:User can modify schedule register:Example: {planta=Correas - Sistema motriz, ejecutor=Juan, ubicacion=GUAYABAL, fechaInicial=09/11/2020, equipo=prueba dos, fechaFin=10/11/2020, denominacion=esta es una prueba de actualizar, horaInicio=0345AM, orden=4567891, horaFin=0445PM, operacion=prueba dos} [Given user is loged on page with email "administrador@gmail.com" and Password "password" [user opens the web site [user opens the Login page], user login site [user enters 'administrador@gmail.com' into , user enters 'password' into , user clicks on ]], When user looks for schedule 456789 to update their information [user edit shedule [user clicks on , user enters '456789' into , user clicks on , user clicks on ]], And user enters new schedule data
| planta | ejecutor | ubicacion | fechaInicial | equipo | fechaFin | denominacion | horaInicio | orden | horaFin | operacion |
| Correas - Sistema motriz | Juan | GUAYABAL | 09/11/2020 | prueba dos | 10/11/2020 | esta es una prueba de actualizar | 0345AM | 4567891 | 0445PM | prueba dos | [user update user [user waiting for items, user clicks on , user clicks on , user enters 'Juan' into , user clicks on , user clicks on , user enters '09/11/2020' into , user enters 'prueba dos' into , user enters '10/11/2020' into , user enters 'esta es una prueba de actualizar' into , user enters '0345AM' into ]]]
[Test worker] INFO net.thucydides.core.steps.ConsoleLoggingListener - FINISHING STEP
[Test worker] WARN net.thucydides.core.steps.BaseStepListener - stepStarted: net.thucydides.core.steps.ExecutedStepDescription@12c6a8d
[Test worker] INFO net.thucydides.core.steps.ConsoleLoggingListener - STARTING STEP user enters '4567891' into 
[Test worker] WARN net.thucydides.core.steps.BaseStepListener - stepFinished: current outcome:User can modify schedule register:Example: {planta=Correas - Sistema motriz, ejecutor=Juan, ubicacion=GUAYABAL, fechaInicial=09/11/2020, equipo=prueba dos, fechaFin=10/11/2020, denominacion=esta es una prueba de actualizar, horaInicio=0345AM, orden=4567891, horaFin=0445PM, operacion=prueba dos} [Given user is loged on page with email "administrador@gmail.com" and Password "password" [user opens the web site [user opens the Login page], user login site [user enters 'administrador@gmail.com' into , user enters 'password' into , user clicks on ]], When user looks for schedule 456789 to update their information [user edit shedule [user clicks on , user enters '456789' into , user clicks on , user clicks on ]], And user enters new schedule data
| planta | ejecutor | ubicacion | fechaInicial | equipo | fechaFin | denominacion | horaInicio | orden | horaFin | operacion |
| Correas - Sistema motriz | Juan | GUAYABAL | 09/11/2020 | prueba dos | 10/11/2020 | esta es una prueba de actualizar | 0345AM | 4567891 | 0445PM | prueba dos | [user update user [user waiting for items, user clicks on , user clicks on , user enters 'Juan' into , user clicks on , user clicks on , user enters '09/11/2020' into , user enters 'prueba dos' into , user enters '10/11/2020' into , user enters 'esta es una prueba de actualizar' into , user enters '0345AM' into , user enters '4567891' into ]]]
[Test worker] INFO net.thucydides.core.steps.ConsoleLoggingListener - FINISHING STEP
[Test worker] WARN net.thucydides.core.steps.BaseStepListener - stepStarted: net.thucydides.core.steps.ExecutedStepDescription@15f239c
[Test worker] INFO net.thucydides.core.steps.ConsoleLoggingListener - STARTING STEP user enters '0445PM' into 
[Test worker] WARN net.thucydides.core.steps.BaseStepListener - stepFinished: current outcome:User can modify schedule register:Example: {planta=Correas - Sistema motriz, ejecutor=Juan, ubicacion=GUAYABAL, fechaInicial=09/11/2020, equipo=prueba dos, fechaFin=10/11/2020, denominacion=esta es una prueba de actualizar, horaInicio=0345AM, orden=4567891, horaFin=0445PM, operacion=prueba dos} [Given user is loged on page with email "administrador@gmail.com" and Password "password" [user opens the web site [user opens the Login page], user login site [user enters 'administrador@gmail.com' into , user enters 'password' into , user clicks on ]], When user looks for schedule 456789 to update their information [user edit shedule [user clicks on , user enters '456789' into , user clicks on , user clicks on ]], And user enters new schedule data
| planta | ejecutor | ubicacion | fechaInicial | equipo | fechaFin | denominacion | horaInicio | orden | horaFin | operacion |
| Correas - Sistema motriz | Juan | GUAYABAL | 09/11/2020 | prueba dos | 10/11/2020 | esta es una prueba de actualizar | 0345AM | 4567891 | 0445PM | prueba dos | [user update user [user waiting for items, user clicks on , user clicks on , user enters 'Juan' into , user clicks on , user clicks on , user enters '09/11/2020' into , user enters 'prueba dos' into , user enters '10/11/2020' into , user enters 'esta es una prueba de actualizar' into , user enters '0345AM' into , user enters '4567891' into , user enters '0445PM' into ]]]
[Test worker] INFO net.thucydides.core.steps.ConsoleLoggingListener - FINISHING STEP
[Test worker] WARN net.thucydides.core.steps.BaseStepListener - stepStarted: net.thucydides.core.steps.ExecutedStepDescription@147f0c5
[Test worker] INFO net.thucydides.core.steps.ConsoleLoggingListener - STARTING STEP user enters 'prueba dos' into 
[Test worker] WARN net.thucydides.core.steps.BaseStepListener - stepFinished: current outcome:User can modify schedule register:Example: {planta=Correas - Sistema motriz, ejecutor=Juan, ubicacion=GUAYABAL, fechaInicial=09/11/2020, equipo=prueba dos, fechaFin=10/11/2020, denominacion=esta es una prueba de actualizar, horaInicio=0345AM, orden=4567891, horaFin=0445PM, operacion=prueba dos} [Given user is loged on page with email "administrador@gmail.com" and Password "password" [user opens the web site [user opens the Login page], user login site [user enters 'administrador@gmail.com' into , user enters 'password' into , user clicks on ]], When user looks for schedule 456789 to update their information [user edit shedule [user clicks on , user enters '456789' into , user clicks on , user clicks on ]], And user enters new schedule data
| planta | ejecutor | ubicacion | fechaInicial | equipo | fechaFin | denominacion | horaInicio | orden | horaFin | operacion |
| Correas - Sistema motriz | Juan | GUAYABAL | 09/11/2020 | prueba dos | 10/11/2020 | esta es una prueba de actualizar | 0345AM | 4567891 | 0445PM | prueba dos | [user update user [user waiting for items, user clicks on , user clicks on , user enters 'Juan' into , user clicks on , user clicks on , user enters '09/11/2020' into , user enters 'prueba dos' into , user enters '10/11/2020' into , user enters 'esta es una prueba de actualizar' into , user enters '0345AM' into , user enters '4567891' into , user enters '0445PM' into , user enters 'prueba dos' into ]]]
[Test worker] INFO net.thucydides.core.steps.ConsoleLoggingListener - FINISHING STEP
[Test worker] WARN net.thucydides.core.steps.BaseStepListener - stepStarted: net.thucydides.core.steps.ExecutedStepDescription@f854f
[Test worker] INFO net.thucydides.core.steps.ConsoleLoggingListener - STARTING STEP user clicks on 
[Test worker] WARN net.thucydides.core.steps.BaseStepListener - stepFinished: current outcome:User can modify schedule register:Example: {planta=Correas - Sistema motriz, ejecutor=Juan, ubicacion=GUAYABAL, fechaInicial=09/11/2020, equipo=prueba dos, fechaFin=10/11/2020, denominacion=esta es una prueba de actualizar, horaInicio=0345AM, orden=4567891, horaFin=0445PM, operacion=prueba dos} [Given user is loged on page with email "administrador@gmail.com" and Password "password" [user opens the web site [user opens the Login page], user login site [user enters 'administrador@gmail.com' into , user enters 'password' into , user clicks on ]], When user looks for schedule 456789 to update their information [user edit shedule [user clicks on , user enters '456789' into , user clicks on , user clicks on ]], And user enters new schedule data
| planta | ejecutor | ubicacion | fechaInicial | equipo | fechaFin | denominacion | horaInicio | orden | horaFin | operacion |
| Correas - Sistema motriz | Juan | GUAYABAL | 09/11/2020 | prueba dos | 10/11/2020 | esta es una prueba de actualizar | 0345AM | 4567891 | 0445PM | prueba dos | [user update user [user waiting for items, user clicks on , user clicks on , user enters 'Juan' into , user clicks on , user clicks on , user enters '09/11/2020' into , user enters 'prueba dos' into , user enters '10/11/2020' into , user enters 'esta es una prueba de actualizar' into , user enters '0345AM' into , user enters '4567891' into , user enters '0445PM' into , user enters 'prueba dos' into , user clicks on ]]]
[Test worker] INFO net.thucydides.core.steps.ConsoleLoggingListener - FINISHING STEP
[Test worker] WARN net.thucydides.core.steps.BaseStepListener - stepFinished: current outcome:User can modify schedule register:Example: {planta=Correas - Sistema motriz, ejecutor=Juan, ubicacion=GUAYABAL, fechaInicial=09/11/2020, equipo=prueba dos, fechaFin=10/11/2020, denominacion=esta es una prueba de actualizar, horaInicio=0345AM, orden=4567891, horaFin=0445PM, operacion=prueba dos} [Given user is loged on page with email "administrador@gmail.com" and Password "password" [user opens the web site [user opens the Login page], user login site [user enters 'administrador@gmail.com' into , user enters 'password' into , user clicks on ]], When user looks for schedule 456789 to update their information [user edit shedule [user clicks on , user enters '456789' into , user clicks on , user clicks on ]], And user enters new schedule data
| planta | ejecutor | ubicacion | fechaInicial | equipo | fechaFin | denominacion | horaInicio | orden | horaFin | operacion |
| Correas - Sistema motriz | Juan | GUAYABAL | 09/11/2020 | prueba dos | 10/11/2020 | esta es una prueba de actualizar | 0345AM | 4567891 | 0445PM | prueba dos | [user update user [user waiting for items, user clicks on , user clicks on , user enters 'Juan' into , user clicks on , user clicks on , user enters '09/11/2020' into , user enters 'prueba dos' into , user enters '10/11/2020' into , user enters 'esta es una prueba de actualizar' into , user enters '0345AM' into , user enters '4567891' into , user enters '0445PM' into , user enters 'prueba dos' into , user clicks on ]]]
[Test worker] INFO net.thucydides.core.steps.ConsoleLoggingListener - FINISHING STEP
[Test worker] WARN net.thucydides.core.steps.BaseStepListener - stepFinished: current outcome:User can modify schedule register:Example: {planta=Correas - Sistema motriz, ejecutor=Juan, ubicacion=GUAYABAL, fechaInicial=09/11/2020, equipo=prueba dos, fechaFin=10/11/2020, denominacion=esta es una prueba de actualizar, horaInicio=0345AM, orden=4567891, horaFin=0445PM, operacion=prueba dos} [Given user is loged on page with email "administrador@gmail.com" and Password "password" [user opens the web site [user opens the Login page], user login site [user enters 'administrador@gmail.com' into , user enters 'password' into , user clicks on ]], When user looks for schedule 456789 to update their information [user edit shedule [user clicks on , user enters '456789' into , user clicks on , user clicks on ]], And user enters new schedule data
| planta | ejecutor | ubicacion | fechaInicial | equipo | fechaFin | denominacion | horaInicio | orden | horaFin | operacion |
| Correas - Sistema motriz | Juan | GUAYABAL | 09/11/2020 | prueba dos | 10/11/2020 | esta es una prueba de actualizar | 0345AM | 4567891 | 0445PM | prueba dos | [user update user [user waiting for items, user clicks on , user clicks on , user enters 'Juan' into , user clicks on , user clicks on , user enters '09/11/2020' into , user enters 'prueba dos' into , user enters '10/11/2020' into , user enters 'esta es una prueba de actualizar' into , user enters '0345AM' into , user enters '4567891' into , user enters '0445PM' into , user enters 'prueba dos' into , user clicks on ]]]
[Test worker] INFO net.thucydides.core.steps.ConsoleLoggingListener - FINISHING STEP
[Test worker] WARN net.thucydides.core.steps.BaseStepListener - stepStarted: net.thucydides.core.steps.ExecutedStepDescription@2d8177
[Test worker] INFO net.thucydides.core.steps.ConsoleLoggingListener - STARTING STEP And user searches for the shedule 4567891
[Test worker] WARN net.thucydides.core.steps.BaseStepListener - stepStarted: net.thucydides.core.steps.ExecutedStepDescription@198dfc9
[Test worker] INFO net.thucydides.core.steps.ConsoleLoggingListener - STARTING STEP user consult schedule information
[Test worker] WARN net.thucydides.core.steps.BaseStepListener - stepStarted: net.thucydides.core.steps.ExecutedStepDescription@10c1d3e
[Test worker] INFO net.thucydides.core.steps.ConsoleLoggingListener - STARTING STEP user clicks on 
[Test worker] WARN net.thucydides.core.steps.BaseStepListener - stepFinished: current outcome:User can modify schedule register:Example: {planta=Correas - Sistema motriz, ejecutor=Juan, ubicacion=GUAYABAL, fechaInicial=09/11/2020, equipo=prueba dos, fechaFin=10/11/2020, denominacion=esta es una prueba de actualizar, horaInicio=0345AM, orden=4567891, horaFin=0445PM, operacion=prueba dos} [Given user is loged on page with email "administrador@gmail.com" and Password "password" [user opens the web site [user opens the Login page], user login site [user enters 'administrador@gmail.com' into , user enters 'password' into , user clicks on ]], When user looks for schedule 456789 to update their information [user edit shedule [user clicks on , user enters '456789' into , user clicks on , user clicks on ]], And user enters new schedule data
| planta | ejecutor | ubicacion | fechaInicial | equipo | fechaFin | denominacion | horaInicio | orden | horaFin | operacion |
| Correas - Sistema motriz | Juan | GUAYABAL | 09/11/2020 | prueba dos | 10/11/2020 | esta es una prueba de actualizar | 0345AM | 4567891 | 0445PM | prueba dos | [user update user [user waiting for items, user clicks on , user clicks on , user enters 'Juan' into , user clicks on , user clicks on , user enters '09/11/2020' into , user enters 'prueba dos' into , user enters '10/11/2020' into , user enters 'esta es una prueba de actualizar' into , user enters '0345AM' into , user enters '4567891' into , user enters '0445PM' into , user enters 'prueba dos' into , user clicks on ]], And user searches for the shedule 4567891 [user consult schedule information [user clicks on ]]]
[Test worker] INFO net.thucydides.core.steps.ConsoleLoggingListener - FINISHING STEP
[Test worker] WARN net.thucydides.core.steps.BaseStepListener - stepStarted: net.thucydides.core.steps.ExecutedStepDescription@e4211
[Test worker] INFO net.thucydides.core.steps.ConsoleLoggingListener - STARTING STEP user enters '4567891' into 
[Test worker] WARN net.thucydides.core.steps.BaseStepListener - stepFinished: current outcome:User can modify schedule register:Example: {planta=Correas - Sistema motriz, ejecutor=Juan, ubicacion=GUAYABAL, fechaInicial=09/11/2020, equipo=prueba dos, fechaFin=10/11/2020, denominacion=esta es una prueba de actualizar, horaInicio=0345AM, orden=4567891, horaFin=0445PM, operacion=prueba dos} [Given user is loged on page with email "administrador@gmail.com" and Password "password" [user opens the web site [user opens the Login page], user login site [user enters 'administrador@gmail.com' into , user enters 'password' into , user clicks on ]], When user looks for schedule 456789 to update their information [user edit shedule [user clicks on , user enters '456789' into , user clicks on , user clicks on ]], And user enters new schedule data
| planta | ejecutor | ubicacion | fechaInicial | equipo | fechaFin | denominacion | horaInicio | orden | horaFin | operacion |
| Correas - Sistema motriz | Juan | GUAYABAL | 09/11/2020 | prueba dos | 10/11/2020 | esta es una prueba de actualizar | 0345AM | 4567891 | 0445PM | prueba dos | [user update user [user waiting for items, user clicks on , user clicks on , user enters 'Juan' into , user clicks on , user clicks on , user enters '09/11/2020' into , user enters 'prueba dos' into , user enters '10/11/2020' into , user enters 'esta es una prueba de actualizar' into , user enters '0345AM' into , user enters '4567891' into , user enters '0445PM' into , user enters 'prueba dos' into , user clicks on ]], And user searches for the shedule 4567891 [user consult schedule information [user clicks on , user enters '4567891' into ]]]
[Test worker] INFO net.thucydides.core.steps.ConsoleLoggingListener - FINISHING STEP
[Test worker] WARN net.thucydides.core.steps.BaseStepListener - stepFinished: current outcome:User can modify schedule register:Example: {planta=Correas - Sistema motriz, ejecutor=Juan, ubicacion=GUAYABAL, fechaInicial=09/11/2020, equipo=prueba dos, fechaFin=10/11/2020, denominacion=esta es una prueba de actualizar, horaInicio=0345AM, orden=4567891, horaFin=0445PM, operacion=prueba dos} [Given user is loged on page with email "administrador@gmail.com" and Password "password" [user opens the web site [user opens the Login page], user login site [user enters 'administrador@gmail.com' into , user enters 'password' into , user clicks on ]], When user looks for schedule 456789 to update their information [user edit shedule [user clicks on , user enters '456789' into , user clicks on , user clicks on ]], And user enters new schedule data
| planta | ejecutor | ubicacion | fechaInicial | equipo | fechaFin | denominacion | horaInicio | orden | horaFin | operacion |
| Correas - Sistema motriz | Juan | GUAYABAL | 09/11/2020 | prueba dos | 10/11/2020 | esta es una prueba de actualizar | 0345AM | 4567891 | 0445PM | prueba dos | [user update user [user waiting for items, user clicks on , user clicks on , user enters 'Juan' into , user clicks on , user clicks on , user enters '09/11/2020' into , user enters 'prueba dos' into , user enters '10/11/2020' into , user enters 'esta es una prueba de actualizar' into , user enters '0345AM' into , user enters '4567891' into , user enters '0445PM' into , user enters 'prueba dos' into , user clicks on ]], And user searches for the shedule 4567891 [user consult schedule information [user clicks on , user enters '4567891' into ]]]
[Test worker] INFO net.thucydides.core.steps.ConsoleLoggingListener - FINISHING STEP
[Test worker] WARN net.thucydides.core.steps.BaseStepListener - stepFinished: current outcome:User can modify schedule register:Example: {planta=Correas - Sistema motriz, ejecutor=Juan, ubicacion=GUAYABAL, fechaInicial=09/11/2020, equipo=prueba dos, fechaFin=10/11/2020, denominacion=esta es una prueba de actualizar, horaInicio=0345AM, orden=4567891, horaFin=0445PM, operacion=prueba dos} [Given user is loged on page with email "administrador@gmail.com" and Password "password" [user opens the web site [user opens the Login page], user login site [user enters 'administrador@gmail.com' into , user enters 'password' into , user clicks on ]], When user looks for schedule 456789 to update their information [user edit shedule [user clicks on , user enters '456789' into , user clicks on , user clicks on ]], And user enters new schedule data
| planta | ejecutor | ubicacion | fechaInicial | equipo | fechaFin | denominacion | horaInicio | orden | horaFin | operacion |
| Correas - Sistema motriz | Juan | GUAYABAL | 09/11/2020 | prueba dos | 10/11/2020 | esta es una prueba de actualizar | 0345AM | 4567891 | 0445PM | prueba dos | [user update user [user waiting for items, user clicks on , user clicks on , user enters 'Juan' into , user clicks on , user clicks on , user enters '09/11/2020' into , user enters 'prueba dos' into , user enters '10/11/2020' into , user enters 'esta es una prueba de actualizar' into , user enters '0345AM' into , user enters '4567891' into , user enters '0445PM' into , user enters 'prueba dos' into , user clicks on ]], And user searches for the shedule 4567891 [user consult schedule information [user clicks on , user enters '4567891' into ]]]
[Test worker] INFO net.thucydides.core.steps.ConsoleLoggingListener - FINISHING STEP
[Test worker] WARN net.thucydides.core.steps.BaseStepListener - stepStarted: net.thucydides.core.steps.ExecutedStepDescription@b6f5fd
[Test worker] INFO net.thucydides.core.steps.ConsoleLoggingListener - STARTING STEP And user sees the detailed information of the schedule 4567891
[Test worker] WARN net.thucydides.core.steps.BaseStepListener - stepStarted: net.thucydides.core.steps.ExecutedStepDescription@10eceea
[Test worker] INFO net.thucydides.core.steps.ConsoleLoggingListener - STARTING STEP user consult detail user
[Test worker] WARN net.thucydides.core.steps.BaseStepListener - stepStarted: net.thucydides.core.steps.ExecutedStepDescription@167a804
[Test worker] INFO net.thucydides.core.steps.ConsoleLoggingListener - STARTING STEP user clicks on 
[Test worker] WARN net.thucydides.core.steps.BaseStepListener - stepFinished: current outcome:User can modify schedule register:Example: {planta=Correas - Sistema motriz, ejecutor=Juan, ubicacion=GUAYABAL, fechaInicial=09/11/2020, equipo=prueba dos, fechaFin=10/11/2020, denominacion=esta es una prueba de actualizar, horaInicio=0345AM, orden=4567891, horaFin=0445PM, operacion=prueba dos} [Given user is loged on page with email "administrador@gmail.com" and Password "password" [user opens the web site [user opens the Login page], user login site [user enters 'administrador@gmail.com' into , user enters 'password' into , user clicks on ]], When user looks for schedule 456789 to update their information [user edit shedule [user clicks on , user enters '456789' into , user clicks on , user clicks on ]], And user enters new schedule data
| planta | ejecutor | ubicacion | fechaInicial | equipo | fechaFin | denominacion | horaInicio | orden | horaFin | operacion |
| Correas - Sistema motriz | Juan | GUAYABAL | 09/11/2020 | prueba dos | 10/11/2020 | esta es una prueba de actualizar | 0345AM | 4567891 | 0445PM | prueba dos | [user update user [user waiting for items, user clicks on , user clicks on , user enters 'Juan' into , user clicks on , user clicks on , user enters '09/11/2020' into , user enters 'prueba dos' into , user enters '10/11/2020' into , user enters 'esta es una prueba de actualizar' into , user enters '0345AM' into , user enters '4567891' into , user enters '0445PM' into , user enters 'prueba dos' into , user clicks on ]], And user searches for the shedule 4567891 [user consult schedule information [user clicks on , user enters '4567891' into ]], And user sees the detailed information of the schedule 4567891 [user consult detail user [user clicks on ]]]
[Test worker] INFO net.thucydides.core.steps.ConsoleLoggingListener - FINISHING STEP
[Test worker] WARN net.thucydides.core.steps.BaseStepListener - stepStarted: net.thucydides.core.steps.ExecutedStepDescription@79075f
[Test worker] INFO net.thucydides.core.steps.ConsoleLoggingListener - STARTING STEP user clicks on 
[Test worker] WARN net.thucydides.core.steps.BaseStepListener - stepFinished: current outcome:User can modify schedule register:Example: {planta=Correas - Sistema motriz, ejecutor=Juan, ubicacion=GUAYABAL, fechaInicial=09/11/2020, equipo=prueba dos, fechaFin=10/11/2020, denominacion=esta es una prueba de actualizar, horaInicio=0345AM, orden=4567891, horaFin=0445PM, operacion=prueba dos} [Given user is loged on page with email "administrador@gmail.com" and Password "password" [user opens the web site [user opens the Login page], user login site [user enters 'administrador@gmail.com' into , user enters 'password' into , user clicks on ]], When user looks for schedule 456789 to update their information [user edit shedule [user clicks on , user enters '456789' into , user clicks on , user clicks on ]], And user enters new schedule data
| planta | ejecutor | ubicacion | fechaInicial | equipo | fechaFin | denominacion | horaInicio | orden | horaFin | operacion |
| Correas - Sistema motriz | Juan | GUAYABAL | 09/11/2020 | prueba dos | 10/11/2020 | esta es una prueba de actualizar | 0345AM | 4567891 | 0445PM | prueba dos | [user update user [user waiting for items, user clicks on , user clicks on , user enters 'Juan' into , user clicks on , user clicks on , user enters '09/11/2020' into , user enters 'prueba dos' into , user enters '10/11/2020' into , user enters 'esta es una prueba de actualizar' into , user enters '0345AM' into , user enters '4567891' into , user enters '0445PM' into , user enters 'prueba dos' into , user clicks on ]], And user searches for the shedule 4567891 [user consult schedule information [user clicks on , user enters '4567891' into ]], And user sees the detailed information of the schedule 4567891 [user consult detail user [user clicks on , user clicks on ]]]
[Test worker] INFO net.thucydides.core.steps.ConsoleLoggingListener - FINISHING STEP
[Test worker] WARN net.thucydides.core.steps.BaseStepListener - stepFinished: current outcome:User can modify schedule register:Example: {planta=Correas - Sistema motriz, ejecutor=Juan, ubicacion=GUAYABAL, fechaInicial=09/11/2020, equipo=prueba dos, fechaFin=10/11/2020, denominacion=esta es una prueba de actualizar, horaInicio=0345AM, orden=4567891, horaFin=0445PM, operacion=prueba dos} [Given user is loged on page with email "administrador@gmail.com" and Password "password" [user opens the web site [user opens the Login page], user login site [user enters 'administrador@gmail.com' into , user enters 'password' into , user clicks on ]], When user looks for schedule 456789 to update their information [user edit shedule [user clicks on , user enters '456789' into , user clicks on , user clicks on ]], And user enters new schedule data
| planta | ejecutor | ubicacion | fechaInicial | equipo | fechaFin | denominacion | horaInicio | orden | horaFin | operacion |
| Correas - Sistema motriz | Juan | GUAYABAL | 09/11/2020 | prueba dos | 10/11/2020 | esta es una prueba de actualizar | 0345AM | 4567891 | 0445PM | prueba dos | [user update user [user waiting for items, user clicks on , user clicks on , user enters 'Juan' into , user clicks on , user clicks on , user enters '09/11/2020' into , user enters 'prueba dos' into , user enters '10/11/2020' into , user enters 'esta es una prueba de actualizar' into , user enters '0345AM' into , user enters '4567891' into , user enters '0445PM' into , user enters 'prueba dos' into , user clicks on ]], And user searches for the shedule 4567891 [user consult schedule information [user clicks on , user enters '4567891' into ]], And user sees the detailed information of the schedule 4567891 [user consult detail user [user clicks on , user clicks on ]]]
[Test worker] INFO net.thucydides.core.steps.ConsoleLoggingListener - FINISHING STEP
[Test worker] WARN net.thucydides.core.steps.BaseStepListener - stepFinished: current outcome:User can modify schedule register:Example: {planta=Correas - Sistema motriz, ejecutor=Juan, ubicacion=GUAYABAL, fechaInicial=09/11/2020, equipo=prueba dos, fechaFin=10/11/2020, denominacion=esta es una prueba de actualizar, horaInicio=0345AM, orden=4567891, horaFin=0445PM, operacion=prueba dos} [Given user is loged on page with email "administrador@gmail.com" and Password "password" [user opens the web site [user opens the Login page], user login site [user enters 'administrador@gmail.com' into , user enters 'password' into , user clicks on ]], When user looks for schedule 456789 to update their information [user edit shedule [user clicks on , user enters '456789' into , user clicks on , user clicks on ]], And user enters new schedule data
| planta | ejecutor | ubicacion | fechaInicial | equipo | fechaFin | denominacion | horaInicio | orden | horaFin | operacion |
| Correas - Sistema motriz | Juan | GUAYABAL | 09/11/2020 | prueba dos | 10/11/2020 | esta es una prueba de actualizar | 0345AM | 4567891 | 0445PM | prueba dos | [user update user [user waiting for items, user clicks on , user clicks on , user enters 'Juan' into , user clicks on , user clicks on , user enters '09/11/2020' into , user enters 'prueba dos' into , user enters '10/11/2020' into , user enters 'esta es una prueba de actualizar' into , user enters '0345AM' into , user enters '4567891' into , user enters '0445PM' into , user enters 'prueba dos' into , user clicks on ]], And user searches for the shedule 4567891 [user consult schedule information [user clicks on , user enters '4567891' into ]], And user sees the detailed information of the schedule 4567891 [user consult detail user [user clicks on , user clicks on ]]]
[Test worker] INFO net.thucydides.core.steps.ConsoleLoggingListener - FINISHING STEP
[Test worker] WARN net.thucydides.core.steps.BaseStepListener - stepStarted: net.thucydides.core.steps.ExecutedStepDescription@17271ca
[Test worker] INFO net.thucydides.core.steps.ConsoleLoggingListener - STARTING STEP Then user sees updated schedule information
| planta | ejecutor | ubicacion | fechaInicial | equipo | fechaFin | denominacion | horaInicio | orden | horaFin | operacion |
| Correas - Sistema motriz | Juan | GUAYABAL | 09/11/2020 | prueba dos | 10/11/2020 | esta es una prueba de actualizar | 0345AM | 4567891 | 0445PM | prueba dos |
[Test worker] WARN net.thucydides.core.steps.BaseStepListener - stepFinished: current outcome:User can modify schedule register:Example: {planta=Correas - Sistema motriz, ejecutor=Juan, ubicacion=GUAYABAL, fechaInicial=09/11/2020, equipo=prueba dos, fechaFin=10/11/2020, denominacion=esta es una prueba de actualizar, horaInicio=0345AM, orden=4567891, horaFin=0445PM, operacion=prueba dos} [Given user is loged on page with email "administrador@gmail.com" and Password "password" [user opens the web site [user opens the Login page], user login site [user enters 'administrador@gmail.com' into , user enters 'password' into , user clicks on ]], When user looks for schedule 456789 to update their information [user edit shedule [user clicks on , user enters '456789' into , user clicks on , user clicks on ]], And user enters new schedule data
| planta | ejecutor | ubicacion | fechaInicial | equipo | fechaFin | denominacion | horaInicio | orden | horaFin | operacion |
| Correas - Sistema motriz | Juan | GUAYABAL | 09/11/2020 | prueba dos | 10/11/2020 | esta es una prueba de actualizar | 0345AM | 4567891 | 0445PM | prueba dos | [user update user [user waiting for items, user clicks on , user clicks on , user enters 'Juan' into , user clicks on , user clicks on , user enters '09/11/2020' into , user enters 'prueba dos' into , user enters '10/11/2020' into , user enters 'esta es una prueba de actualizar' into , user enters '0345AM' into , user enters '4567891' into , user enters '0445PM' into , user enters 'prueba dos' into , user clicks on ]], And user searches for the shedule 4567891 [user consult schedule information [user clicks on , user enters '4567891' into ]], And user sees the detailed information of the schedule 4567891 [user consult detail user [user clicks on , user clicks on ]], Then user sees updated schedule information
| planta | ejecutor | ubicacion | fechaInicial | equipo | fechaFin | denominacion | horaInicio | orden | horaFin | operacion |
| Correas - Sistema motriz | Juan | GUAYABAL | 09/11/2020 | prueba dos | 10/11/2020 | esta es una prueba de actualizar | 0345AM | 4567891 | 0445PM | prueba dos |]
[Test worker] INFO net.thucydides.core.steps.ConsoleLoggingListener - FINISHING STEP
[Test worker] WARN net.thucydides.core.steps.BaseStepListener - stepFinished: current outcome:User can modify schedule register:Example: {planta=Correas - Sistema motriz, ejecutor=Juan, ubicacion=GUAYABAL, fechaInicial=09/11/2020, equipo=prueba dos, fechaFin=10/11/2020, denominacion=esta es una prueba de actualizar, horaInicio=0345AM, orden=4567891, horaFin=0445PM, operacion=prueba dos} [Given user is loged on page with email "administrador@gmail.com" and Password "password" [user opens the web site [user opens the Login page], user login site [user enters 'administrador@gmail.com' into , user enters 'password' into , user clicks on ]], When user looks for schedule 456789 to update their information [user edit shedule [user clicks on , user enters '456789' into , user clicks on , user clicks on ]], And user enters new schedule data
| planta | ejecutor | ubicacion | fechaInicial | equipo | fechaFin | denominacion | horaInicio | orden | horaFin | operacion |
| Correas - Sistema motriz | Juan | GUAYABAL | 09/11/2020 | prueba dos | 10/11/2020 | esta es una prueba de actualizar | 0345AM | 4567891 | 0445PM | prueba dos | [user update user [user waiting for items, user clicks on , user clicks on , user enters 'Juan' into , user clicks on , user clicks on , user enters '09/11/2020' into , user enters 'prueba dos' into , user enters '10/11/2020' into , user enters 'esta es una prueba de actualizar' into , user enters '0345AM' into , user enters '4567891' into , user enters '0445PM' into , user enters 'prueba dos' into , user clicks on ]], And user searches for the shedule 4567891 [user consult schedule information [user clicks on , user enters '4567891' into ]], And user sees the detailed information of the schedule 4567891 [user consult detail user [user clicks on , user clicks on ]], Then user sees updated schedule information
| planta | ejecutor | ubicacion | fechaInicial | equipo | fechaFin | denominacion | horaInicio | orden | horaFin | operacion |
| Correas - Sistema motriz | Juan | GUAYABAL | 09/11/2020 | prueba dos | 10/11/2020 | esta es una prueba de actualizar | 0345AM | 4567891 | 0445PM | prueba dos |]
[Test worker] INFO net.thucydides.core.steps.ConsoleLoggingListener - FINISHING STEP
[Test worker] WARN net.thucydides.core.steps.BaseStepListener - testFinished: User can modify schedule register:Example: {planta=Correas - Sistema motriz, ejecutor=Juan, ubicacion=GUAYABAL, fechaInicial=09/11/2020, equipo=prueba dos, fechaFin=10/11/2020, denominacion=esta es una prueba de actualizar, horaInicio=0345AM, orden=4567891, horaFin=0445PM, operacion=prueba dos} [Given user is loged on page with email "administrador@gmail.com" and Password "password" [user opens the web site [user opens the Login page], user login site [user enters 'administrador@gmail.com' into , user enters 'password' into , user clicks on ]], When user looks for schedule 456789 to update their information [user edit shedule [user clicks on , user enters '456789' into , user clicks on , user clicks on ]], And user enters new schedule data
| planta | ejecutor | ubicacion | fechaInicial | equipo | fechaFin | denominacion | horaInicio | orden | horaFin | operacion |
| Correas - Sistema motriz | Juan | GUAYABAL | 09/11/2020 | prueba dos | 10/11/2020 | esta es una prueba de actualizar | 0345AM | 4567891 | 0445PM | prueba dos | [user update user [user waiting for items, user clicks on , user clicks on , user enters 'Juan' into , user clicks on , user clicks on , user enters '09/11/2020' into , user enters 'prueba dos' into , user enters '10/11/2020' into , user enters 'esta es una prueba de actualizar' into , user enters '0345AM' into , user enters '4567891' into , user enters '0445PM' into , user enters 'prueba dos' into , user clicks on ]], And user searches for the shedule 4567891 [user consult schedule information [user clicks on , user enters '4567891' into ]], And user sees the detailed information of the schedule 4567891 [user consult detail user [user clicks on , user clicks on ]], Then user sees updated schedule information
| planta | ejecutor | ubicacion | fechaInicial | equipo | fechaFin | denominacion | horaInicio | orden | horaFin | operacion |
| Correas - Sistema motriz | Juan | GUAYABAL | 09/11/2020 | prueba dos | 10/11/2020 | esta es una prueba de actualizar | 0345AM | 4567891 | 0445PM | prueba dos |]
[Test worker] WARN net.thucydides.core.steps.BaseStepListener - TestOutcomes: [User can modify schedule register:Example: {planta=Correas - Sistema motriz, ejecutor=Juan, ubicacion=GUAYABAL, fechaInicial=09/11/2020, equipo=prueba dos, fechaFin=10/11/2020, denominacion=esta es una prueba de actualizar, horaInicio=0345AM, orden=4567891, horaFin=0445PM, operacion=prueba dos} [Given user is loged on page with email "administrador@gmail.com" and Password "password" [user opens the web site [user opens the Login page], user login site [user enters 'administrador@gmail.com' into , user enters 'password' into , user clicks on ]], When user looks for schedule 456789 to update their information [user edit shedule [user clicks on , user enters '456789' into , user clicks on , user clicks on ]], And user enters new schedule data
| planta | ejecutor | ubicacion | fechaInicial | equipo | fechaFin | denominacion | horaInicio | orden | horaFin | operacion |
| Correas - Sistema motriz | Juan | GUAYABAL | 09/11/2020 | prueba dos | 10/11/2020 | esta es una prueba de actualizar | 0345AM | 4567891 | 0445PM | prueba dos | [user update user [user waiting for items, user clicks on , user clicks on , user enters 'Juan' into , user clicks on , user clicks on , user enters '09/11/2020' into , user enters 'prueba dos' into , user enters '10/11/2020' into , user enters 'esta es una prueba de actualizar' into , user enters '0345AM' into , user enters '4567891' into , user enters '0445PM' into , user enters 'prueba dos' into , user clicks on ]], And user searches for the shedule 4567891 [user consult schedule information [user clicks on , user enters '4567891' into ]], And user sees the detailed information of the schedule 4567891 [user consult detail user [user clicks on , user clicks on ]], Then user sees updated schedule information
| planta | ejecutor | ubicacion | fechaInicial | equipo | fechaFin | denominacion | horaInicio | orden | horaFin | operacion |
| Correas - Sistema motriz | Juan | GUAYABAL | 09/11/2020 | prueba dos | 10/11/2020 | esta es una prueba de actualizar | 0345AM | 4567891 | 0445PM | prueba dos |]]
[Test worker] WARN net.thucydides.core.steps.BaseStepListener - Final testOutcomes: [User can modify schedule register:Example: {planta=Correas - Sistema motriz, ejecutor=Juan, ubicacion=GUAYABAL, fechaInicial=09/11/2020, equipo=prueba dos, fechaFin=10/11/2020, denominacion=esta es una prueba de actualizar, horaInicio=0345AM, orden=4567891, horaFin=0445PM, operacion=prueba dos} [Given user is loged on page with email "administrador@gmail.com" and Password "password" [user opens the web site [user opens the Login page], user login site [user enters 'administrador@gmail.com' into , user enters 'password' into , user clicks on ]], When user looks for schedule 456789 to update their information [user edit shedule [user clicks on , user enters '456789' into , user clicks on , user clicks on ]], And user enters new schedule data
| planta | ejecutor | ubicacion | fechaInicial | equipo | fechaFin | denominacion | horaInicio | orden | horaFin | operacion |
| Correas - Sistema motriz | Juan | GUAYABAL | 09/11/2020 | prueba dos | 10/11/2020 | esta es una prueba de actualizar | 0345AM | 4567891 | 0445PM | prueba dos | [user update user [user waiting for items, user clicks on , user clicks on , user enters 'Juan' into , user clicks on , user clicks on , user enters '09/11/2020' into , user enters 'prueba dos' into , user enters '10/11/2020' into , user enters 'esta es una prueba de actualizar' into , user enters '0345AM' into , user enters '4567891' into , user enters '0445PM' into , user enters 'prueba dos' into , user clicks on ]], And user searches for the shedule 4567891 [user consult schedule information [user clicks on , user enters '4567891' into ]], And user sees the detailed information of the schedule 4567891 [user consult detail user [user clicks on , user clicks on ]], Then user sees updated schedule information
| planta | ejecutor | ubicacion | fechaInicial | equipo | fechaFin | denominacion | horaInicio | orden | horaFin | operacion |
| Correas - Sistema motriz | Juan | GUAYABAL | 09/11/2020 | prueba dos | 10/11/2020 | esta es una prueba de actualizar | 0345AM | 4567891 | 0445PM | prueba dos |]]
[Test worker] INFO net.thucydides.core.steps.ConsoleLoggingListener - ?[92m
        __    _____ _____ ____ _____   ____   _    ____  ____  _____ ____  
  _     \ \  |_   _| ____/ ___|_   _| |  _ \ / \  / ___|/ ___|| ____|  _ \ 
 (_)_____| |   | | |  _| \___ \ | |   | |_) / _ \ \___ \\___ \|  _| | | | |
  _|_____| |   | | | |___ ___) || |   |  __/ ___ \ ___) |___) | |___| |_| |
 (_)     | |   |_| |_____|____/ |_|   |_| /_/   \_\____/|____/|_____|____/ 
        /_/                                                                

TEST PASSED: User can modify schedule register
----------------------------------------------------------------------------?[0m
]]></system-err>
</testsuite>
