<?xml version="1.0" encoding="UTF-8"?>
<testsuite name="Manage user" tests="1" skipped="0" failures="0" errors="0" timestamp="2020-10-13T18:40:49" hostname="DESKTOP-35IE40O" time="36.864">
  <properties/>
  <testcase name="User can register employee successfull" classname="Manage user" time="36.864"/>
  <system-out><![CDATA[]]></system-out>
  <system-err><![CDATA[[Test worker] WARN net.thucydides.core.steps.BaseStepListener - stepStarted: net.thucydides.core.steps.ExecutedStepDescription@228ae8
[Test worker] INFO net.thucydides.core.steps.ConsoleLoggingListener - STARTING STEP Given user is loged on page with email "administrador@gmail.com" and Password "password"
[Test worker] INFO io.github.bonigarcia.wdm.WebDriverManager - Using chromedriver 85.0.4183.87 (since Google Chrome 85 is installed in your machine)
[Test worker] INFO io.github.bonigarcia.wdm.WebDriverManager - Exporting webdriver.chrome.driver as C:\Users\ASUS\.m2\repository\webdriver\chromedriver\win32\85.0.4183.87\chromedriver.exe
Starting ChromeDriver 85.0.4183.87 (cd6713ebf92fa1cacc0f1a598df280093af0c5d7-refs/branch-heads/4183@{#1689}) on port 45075
Only local connections are allowed.
Please see https://chromedriver.chromium.org/security-considerations for suggestions on keeping ChromeDriver safe.
ChromeDriver was started successfully.
oct 13, 2020 1:40:56 PM org.openqa.selenium.remote.ProtocolHandshake createSession
INFORMACIÓN: Detected dialect: W3C
[Test worker] WARN net.thucydides.core.steps.BaseStepListener - stepStarted: net.thucydides.core.steps.ExecutedStepDescription@e2f59c
[Test worker] INFO net.thucydides.core.steps.ConsoleLoggingListener - STARTING STEP default opens the web site
[Test worker] WARN net.thucydides.core.steps.BaseStepListener - stepStarted: net.thucydides.core.steps.ExecutedStepDescription@eea819
[Test worker] INFO net.thucydides.core.steps.ConsoleLoggingListener - STARTING STEP default opens the Login page
[Test worker] WARN net.thucydides.core.steps.BaseStepListener - stepFinished: current outcome:User can register employee successfull:Example: {name=Jonny, email=jonny12@prueba.com, id=1875518281, role=administrador de flotas} [Given user is loged on page with email "administrador@gmail.com" and Password "password" [default opens the web site [default opens the Login page]]]
[Test worker] INFO net.thucydides.core.steps.ConsoleLoggingListener - FINISHING STEP
[Test worker] WARN net.thucydides.core.steps.BaseStepListener - stepFinished: current outcome:User can register employee successfull:Example: {name=Jonny, email=jonny12@prueba.com, id=1875518281, role=administrador de flotas} [Given user is loged on page with email "administrador@gmail.com" and Password "password" [default opens the web site [default opens the Login page]]]
[Test worker] INFO net.thucydides.core.steps.ConsoleLoggingListener - FINISHING STEP
[Test worker] WARN net.thucydides.core.steps.BaseStepListener - stepStarted: net.thucydides.core.steps.ExecutedStepDescription@12dc76
[Test worker] INFO net.thucydides.core.steps.ConsoleLoggingListener - STARTING STEP default Login site
[Test worker] WARN net.thucydides.core.steps.BaseStepListener - stepStarted: net.thucydides.core.steps.ExecutedStepDescription@d11e84
[Test worker] INFO net.thucydides.core.steps.ConsoleLoggingListener - STARTING STEP default enters 'administrador@gmail.com' into 
[Test worker] WARN net.thucydides.core.steps.BaseStepListener - stepFinished: current outcome:User can register employee successfull:Example: {name=Jonny, email=jonny12@prueba.com, id=1875518281, role=administrador de flotas} [Given user is loged on page with email "administrador@gmail.com" and Password "password" [default opens the web site [default opens the Login page], default Login site [default enters 'administrador@gmail.com' into ]]]
[Test worker] INFO net.thucydides.core.steps.ConsoleLoggingListener - FINISHING STEP
[Test worker] WARN net.thucydides.core.steps.BaseStepListener - stepStarted: net.thucydides.core.steps.ExecutedStepDescription@17c9cc1
[Test worker] INFO net.thucydides.core.steps.ConsoleLoggingListener - STARTING STEP default enters 'password' into 
[Test worker] WARN net.thucydides.core.steps.BaseStepListener - stepFinished: current outcome:User can register employee successfull:Example: {name=Jonny, email=jonny12@prueba.com, id=1875518281, role=administrador de flotas} [Given user is loged on page with email "administrador@gmail.com" and Password "password" [default opens the web site [default opens the Login page], default Login site [default enters 'administrador@gmail.com' into , default enters 'password' into ]]]
[Test worker] INFO net.thucydides.core.steps.ConsoleLoggingListener - FINISHING STEP
[Test worker] WARN net.thucydides.core.steps.BaseStepListener - stepStarted: net.thucydides.core.steps.ExecutedStepDescription@d58ce1
[Test worker] INFO net.thucydides.core.steps.ConsoleLoggingListener - STARTING STEP default clicks on 
[Test worker] WARN net.thucydides.core.steps.BaseStepListener - stepFinished: current outcome:User can register employee successfull:Example: {name=Jonny, email=jonny12@prueba.com, id=1875518281, role=administrador de flotas} [Given user is loged on page with email "administrador@gmail.com" and Password "password" [default opens the web site [default opens the Login page], default Login site [default enters 'administrador@gmail.com' into , default enters 'password' into , default clicks on ]]]
[Test worker] INFO net.thucydides.core.steps.ConsoleLoggingListener - FINISHING STEP
[Test worker] WARN net.thucydides.core.steps.BaseStepListener - stepFinished: current outcome:User can register employee successfull:Example: {name=Jonny, email=jonny12@prueba.com, id=1875518281, role=administrador de flotas} [Given user is loged on page with email "administrador@gmail.com" and Password "password" [default opens the web site [default opens the Login page], default Login site [default enters 'administrador@gmail.com' into , default enters 'password' into , default clicks on ]]]
[Test worker] INFO net.thucydides.core.steps.ConsoleLoggingListener - FINISHING STEP
[Test worker] WARN net.thucydides.core.steps.BaseStepListener - stepFinished: current outcome:User can register employee successfull:Example: {name=Jonny, email=jonny12@prueba.com, id=1875518281, role=administrador de flotas} [Given user is loged on page with email "administrador@gmail.com" and Password "password" [default opens the web site [default opens the Login page], default Login site [default enters 'administrador@gmail.com' into , default enters 'password' into , default clicks on ]]]
[Test worker] INFO net.thucydides.core.steps.ConsoleLoggingListener - FINISHING STEP
[Test worker] WARN net.thucydides.core.steps.BaseStepListener - stepStarted: net.thucydides.core.steps.ExecutedStepDescription@10599a5
[Test worker] INFO net.thucydides.core.steps.ConsoleLoggingListener - STARTING STEP When user enters registration data
| name | email | id | role |
| Jonny | jonny12@prueba.com | 1875518281 | administrador de flotas |
[Test worker] WARN net.thucydides.core.steps.BaseStepListener - stepStarted: net.thucydides.core.steps.ExecutedStepDescription@1877e0
[Test worker] INFO net.thucydides.core.steps.ConsoleLoggingListener - STARTING STEP Default add user
[Test worker] WARN net.thucydides.core.steps.BaseStepListener - stepStarted: net.thucydides.core.steps.ExecutedStepDescription@e69c31
[Test worker] INFO net.thucydides.core.steps.ConsoleLoggingListener - STARTING STEP default clicks on 
[Test worker] WARN net.thucydides.core.steps.BaseStepListener - stepFinished: current outcome:User can register employee successfull:Example: {name=Jonny, email=jonny12@prueba.com, id=1875518281, role=administrador de flotas} [Given user is loged on page with email "administrador@gmail.com" and Password "password" [default opens the web site [default opens the Login page], default Login site [default enters 'administrador@gmail.com' into , default enters 'password' into , default clicks on ]], When user enters registration data
| name | email | id | role |
| Jonny | jonny12@prueba.com | 1875518281 | administrador de flotas | [Default add user [default clicks on ]]]
[Test worker] INFO net.thucydides.core.steps.ConsoleLoggingListener - FINISHING STEP
[Test worker] WARN net.thucydides.core.steps.BaseStepListener - stepStarted: net.thucydides.core.steps.ExecutedStepDescription@2fda66
[Test worker] INFO net.thucydides.core.steps.ConsoleLoggingListener - STARTING STEP default clicks on 
[Test worker] WARN net.thucydides.core.steps.BaseStepListener - stepFinished: current outcome:User can register employee successfull:Example: {name=Jonny, email=jonny12@prueba.com, id=1875518281, role=administrador de flotas} [Given user is loged on page with email "administrador@gmail.com" and Password "password" [default opens the web site [default opens the Login page], default Login site [default enters 'administrador@gmail.com' into , default enters 'password' into , default clicks on ]], When user enters registration data
| name | email | id | role |
| Jonny | jonny12@prueba.com | 1875518281 | administrador de flotas | [Default add user [default clicks on , default clicks on ]]]
[Test worker] INFO net.thucydides.core.steps.ConsoleLoggingListener - FINISHING STEP
[Test worker] WARN net.thucydides.core.steps.BaseStepListener - stepStarted: net.thucydides.core.steps.ExecutedStepDescription@7cd4
[Test worker] INFO net.thucydides.core.steps.ConsoleLoggingListener - STARTING STEP default enters 'Jonny' into 
[Test worker] WARN net.thucydides.core.steps.BaseStepListener - stepFinished: current outcome:User can register employee successfull:Example: {name=Jonny, email=jonny12@prueba.com, id=1875518281, role=administrador de flotas} [Given user is loged on page with email "administrador@gmail.com" and Password "password" [default opens the web site [default opens the Login page], default Login site [default enters 'administrador@gmail.com' into , default enters 'password' into , default clicks on ]], When user enters registration data
| name | email | id | role |
| Jonny | jonny12@prueba.com | 1875518281 | administrador de flotas | [Default add user [default clicks on , default clicks on , default enters 'Jonny' into ]]]
[Test worker] INFO net.thucydides.core.steps.ConsoleLoggingListener - FINISHING STEP
[Test worker] WARN net.thucydides.core.steps.BaseStepListener - stepStarted: net.thucydides.core.steps.ExecutedStepDescription@1d1feba
[Test worker] INFO net.thucydides.core.steps.ConsoleLoggingListener - STARTING STEP default enters 'jonny12@prueba.com' into 
[Test worker] WARN net.thucydides.core.steps.BaseStepListener - stepFinished: current outcome:User can register employee successfull:Example: {name=Jonny, email=jonny12@prueba.com, id=1875518281, role=administrador de flotas} [Given user is loged on page with email "administrador@gmail.com" and Password "password" [default opens the web site [default opens the Login page], default Login site [default enters 'administrador@gmail.com' into , default enters 'password' into , default clicks on ]], When user enters registration data
| name | email | id | role |
| Jonny | jonny12@prueba.com | 1875518281 | administrador de flotas | [Default add user [default clicks on , default clicks on , default enters 'Jonny' into , default enters 'jonny12@prueba.com' into ]]]
[Test worker] INFO net.thucydides.core.steps.ConsoleLoggingListener - FINISHING STEP
[Test worker] WARN net.thucydides.core.steps.BaseStepListener - stepStarted: net.thucydides.core.steps.ExecutedStepDescription@5552bf
[Test worker] INFO net.thucydides.core.steps.ConsoleLoggingListener - STARTING STEP default enters '1875518281' into 
[Test worker] WARN net.thucydides.core.steps.BaseStepListener - stepFinished: current outcome:User can register employee successfull:Example: {name=Jonny, email=jonny12@prueba.com, id=1875518281, role=administrador de flotas} [Given user is loged on page with email "administrador@gmail.com" and Password "password" [default opens the web site [default opens the Login page], default Login site [default enters 'administrador@gmail.com' into , default enters 'password' into , default clicks on ]], When user enters registration data
| name | email | id | role |
| Jonny | jonny12@prueba.com | 1875518281 | administrador de flotas | [Default add user [default clicks on , default clicks on , default enters 'Jonny' into , default enters 'jonny12@prueba.com' into , default enters '1875518281' into ]]]
[Test worker] INFO net.thucydides.core.steps.ConsoleLoggingListener - FINISHING STEP
[Test worker] WARN net.thucydides.core.steps.BaseStepListener - stepStarted: net.thucydides.core.steps.ExecutedStepDescription@3a691d
[Test worker] INFO net.thucydides.core.steps.ConsoleLoggingListener - STARTING STEP default clicks on 
[Test worker] WARN net.thucydides.core.steps.BaseStepListener - stepFinished: current outcome:User can register employee successfull:Example: {name=Jonny, email=jonny12@prueba.com, id=1875518281, role=administrador de flotas} [Given user is loged on page with email "administrador@gmail.com" and Password "password" [default opens the web site [default opens the Login page], default Login site [default enters 'administrador@gmail.com' into , default enters 'password' into , default clicks on ]], When user enters registration data
| name | email | id | role |
| Jonny | jonny12@prueba.com | 1875518281 | administrador de flotas | [Default add user [default clicks on , default clicks on , default enters 'Jonny' into , default enters 'jonny12@prueba.com' into , default enters '1875518281' into , default clicks on ]]]
[Test worker] INFO net.thucydides.core.steps.ConsoleLoggingListener - FINISHING STEP
[Test worker] WARN net.thucydides.core.steps.BaseStepListener - stepStarted: net.thucydides.core.steps.ExecutedStepDescription@11fa7f
[Test worker] INFO net.thucydides.core.steps.ConsoleLoggingListener - STARTING STEP default clicks on 
[Test worker] WARN net.thucydides.core.steps.BaseStepListener - stepFinished: current outcome:User can register employee successfull:Example: {name=Jonny, email=jonny12@prueba.com, id=1875518281, role=administrador de flotas} [Given user is loged on page with email "administrador@gmail.com" and Password "password" [default opens the web site [default opens the Login page], default Login site [default enters 'administrador@gmail.com' into , default enters 'password' into , default clicks on ]], When user enters registration data
| name | email | id | role |
| Jonny | jonny12@prueba.com | 1875518281 | administrador de flotas | [Default add user [default clicks on , default clicks on , default enters 'Jonny' into , default enters 'jonny12@prueba.com' into , default enters '1875518281' into , default clicks on , default clicks on ]]]
[Test worker] INFO net.thucydides.core.steps.ConsoleLoggingListener - FINISHING STEP
[Test worker] WARN net.thucydides.core.steps.BaseStepListener - stepStarted: net.thucydides.core.steps.ExecutedStepDescription@1acee1e
[Test worker] INFO net.thucydides.core.steps.ConsoleLoggingListener - STARTING STEP default clicks on 
[Test worker] WARN net.thucydides.core.steps.BaseStepListener - stepFinished: current outcome:User can register employee successfull:Example: {name=Jonny, email=jonny12@prueba.com, id=1875518281, role=administrador de flotas} [Given user is loged on page with email "administrador@gmail.com" and Password "password" [default opens the web site [default opens the Login page], default Login site [default enters 'administrador@gmail.com' into , default enters 'password' into , default clicks on ]], When user enters registration data
| name | email | id | role |
| Jonny | jonny12@prueba.com | 1875518281 | administrador de flotas | [Default add user [default clicks on , default clicks on , default enters 'Jonny' into , default enters 'jonny12@prueba.com' into , default enters '1875518281' into , default clicks on , default clicks on , default clicks on ]]]
[Test worker] INFO net.thucydides.core.steps.ConsoleLoggingListener - FINISHING STEP
[Test worker] WARN net.thucydides.core.steps.BaseStepListener - stepFinished: current outcome:User can register employee successfull:Example: {name=Jonny, email=jonny12@prueba.com, id=1875518281, role=administrador de flotas} [Given user is loged on page with email "administrador@gmail.com" and Password "password" [default opens the web site [default opens the Login page], default Login site [default enters 'administrador@gmail.com' into , default enters 'password' into , default clicks on ]], When user enters registration data
| name | email | id | role |
| Jonny | jonny12@prueba.com | 1875518281 | administrador de flotas | [Default add user [default clicks on , default clicks on , default enters 'Jonny' into , default enters 'jonny12@prueba.com' into , default enters '1875518281' into , default clicks on , default clicks on , default clicks on ]]]
[Test worker] INFO net.thucydides.core.steps.ConsoleLoggingListener - FINISHING STEP
[Test worker] WARN net.thucydides.core.steps.BaseStepListener - stepFinished: current outcome:User can register employee successfull:Example: {name=Jonny, email=jonny12@prueba.com, id=1875518281, role=administrador de flotas} [Given user is loged on page with email "administrador@gmail.com" and Password "password" [default opens the web site [default opens the Login page], default Login site [default enters 'administrador@gmail.com' into , default enters 'password' into , default clicks on ]], When user enters registration data
| name | email | id | role |
| Jonny | jonny12@prueba.com | 1875518281 | administrador de flotas | [Default add user [default clicks on , default clicks on , default enters 'Jonny' into , default enters 'jonny12@prueba.com' into , default enters '1875518281' into , default clicks on , default clicks on , default clicks on ]]]
[Test worker] INFO net.thucydides.core.steps.ConsoleLoggingListener - FINISHING STEP
[Test worker] WARN net.thucydides.core.steps.BaseStepListener - stepStarted: net.thucydides.core.steps.ExecutedStepDescription@caad28
[Test worker] INFO net.thucydides.core.steps.ConsoleLoggingListener - STARTING STEP Then user registers employee "Jonny"
[Test worker] WARN net.thucydides.core.steps.BaseStepListener - stepStarted: net.thucydides.core.steps.ExecutedStepDescription@bddd
[Test worker] INFO net.thucydides.core.steps.ConsoleLoggingListener - STARTING STEP default Logout site
[Test worker] WARN net.thucydides.core.steps.BaseStepListener - stepStarted: net.thucydides.core.steps.ExecutedStepDescription@1ebe6a2
[Test worker] INFO net.thucydides.core.steps.ConsoleLoggingListener - STARTING STEP default clicks on 
[Test worker] WARN net.thucydides.core.steps.BaseStepListener - stepFinished: current outcome:User can register employee successfull:Example: {name=Jonny, email=jonny12@prueba.com, id=1875518281, role=administrador de flotas} [Given user is loged on page with email "administrador@gmail.com" and Password "password" [default opens the web site [default opens the Login page], default Login site [default enters 'administrador@gmail.com' into , default enters 'password' into , default clicks on ]], When user enters registration data
| name | email | id | role |
| Jonny | jonny12@prueba.com | 1875518281 | administrador de flotas | [Default add user [default clicks on , default clicks on , default enters 'Jonny' into , default enters 'jonny12@prueba.com' into , default enters '1875518281' into , default clicks on , default clicks on , default clicks on ]], Then user registers employee "Jonny" [default Logout site [default clicks on ]]]
[Test worker] INFO net.thucydides.core.steps.ConsoleLoggingListener - FINISHING STEP
[Test worker] WARN net.thucydides.core.steps.BaseStepListener - stepStarted: net.thucydides.core.steps.ExecutedStepDescription@23ba12
[Test worker] INFO net.thucydides.core.steps.ConsoleLoggingListener - STARTING STEP default enters 'Jonny' into 
[Test worker] WARN net.thucydides.core.steps.BaseStepListener - stepFinished: current outcome:User can register employee successfull:Example: {name=Jonny, email=jonny12@prueba.com, id=1875518281, role=administrador de flotas} [Given user is loged on page with email "administrador@gmail.com" and Password "password" [default opens the web site [default opens the Login page], default Login site [default enters 'administrador@gmail.com' into , default enters 'password' into , default clicks on ]], When user enters registration data
| name | email | id | role |
| Jonny | jonny12@prueba.com | 1875518281 | administrador de flotas | [Default add user [default clicks on , default clicks on , default enters 'Jonny' into , default enters 'jonny12@prueba.com' into , default enters '1875518281' into , default clicks on , default clicks on , default clicks on ]], Then user registers employee "Jonny" [default Logout site [default clicks on , default enters 'Jonny' into ]]]
[Test worker] INFO net.thucydides.core.steps.ConsoleLoggingListener - FINISHING STEP
[Test worker] WARN net.thucydides.core.steps.BaseStepListener - stepFinished: current outcome:User can register employee successfull:Example: {name=Jonny, email=jonny12@prueba.com, id=1875518281, role=administrador de flotas} [Given user is loged on page with email "administrador@gmail.com" and Password "password" [default opens the web site [default opens the Login page], default Login site [default enters 'administrador@gmail.com' into , default enters 'password' into , default clicks on ]], When user enters registration data
| name | email | id | role |
| Jonny | jonny12@prueba.com | 1875518281 | administrador de flotas | [Default add user [default clicks on , default clicks on , default enters 'Jonny' into , default enters 'jonny12@prueba.com' into , default enters '1875518281' into , default clicks on , default clicks on , default clicks on ]], Then user registers employee "Jonny" [default Logout site [default clicks on , default enters 'Jonny' into ]]]
[Test worker] INFO net.thucydides.core.steps.ConsoleLoggingListener - FINISHING STEP
[Test worker] WARN net.thucydides.core.steps.BaseStepListener - stepStarted: net.thucydides.core.steps.ExecutedStepDescription@79ba40
[Test worker] INFO net.thucydides.core.steps.ConsoleLoggingListener - STARTING STEP Then result search
[Test worker] WARN net.thucydides.core.steps.BaseStepListener - stepFinished: current outcome:User can register employee successfull:Example: {name=Jonny, email=jonny12@prueba.com, id=1875518281, role=administrador de flotas} [Given user is loged on page with email "administrador@gmail.com" and Password "password" [default opens the web site [default opens the Login page], default Login site [default enters 'administrador@gmail.com' into , default enters 'password' into , default clicks on ]], When user enters registration data
| name | email | id | role |
| Jonny | jonny12@prueba.com | 1875518281 | administrador de flotas | [Default add user [default clicks on , default clicks on , default enters 'Jonny' into , default enters 'jonny12@prueba.com' into , default enters '1875518281' into , default clicks on , default clicks on , default clicks on ]], Then user registers employee "Jonny" [default Logout site [default clicks on , default enters 'Jonny' into ], Then result search]]
[Test worker] INFO net.thucydides.core.steps.ConsoleLoggingListener - FINISHING STEP
[Test worker] WARN net.thucydides.core.steps.BaseStepListener - stepFinished: current outcome:User can register employee successfull:Example: {name=Jonny, email=jonny12@prueba.com, id=1875518281, role=administrador de flotas} [Given user is loged on page with email "administrador@gmail.com" and Password "password" [default opens the web site [default opens the Login page], default Login site [default enters 'administrador@gmail.com' into , default enters 'password' into , default clicks on ]], When user enters registration data
| name | email | id | role |
| Jonny | jonny12@prueba.com | 1875518281 | administrador de flotas | [Default add user [default clicks on , default clicks on , default enters 'Jonny' into , default enters 'jonny12@prueba.com' into , default enters '1875518281' into , default clicks on , default clicks on , default clicks on ]], Then user registers employee "Jonny" [default Logout site [default clicks on , default enters 'Jonny' into ], Then result search]]
[Test worker] INFO net.thucydides.core.steps.ConsoleLoggingListener - FINISHING STEP
[Test worker] WARN net.thucydides.core.steps.BaseStepListener - stepFinished: current outcome:User can register employee successfull:Example: {name=Jonny, email=jonny12@prueba.com, id=1875518281, role=administrador de flotas} [Given user is loged on page with email "administrador@gmail.com" and Password "password" [default opens the web site [default opens the Login page], default Login site [default enters 'administrador@gmail.com' into , default enters 'password' into , default clicks on ]], When user enters registration data
| name | email | id | role |
| Jonny | jonny12@prueba.com | 1875518281 | administrador de flotas | [Default add user [default clicks on , default clicks on , default enters 'Jonny' into , default enters 'jonny12@prueba.com' into , default enters '1875518281' into , default clicks on , default clicks on , default clicks on ]], Then user registers employee "Jonny" [default Logout site [default clicks on , default enters 'Jonny' into ], Then result search]]
[Test worker] INFO net.thucydides.core.steps.ConsoleLoggingListener - FINISHING STEP
[Test worker] WARN net.thucydides.core.steps.BaseStepListener - testFinished: User can register employee successfull:Example: {name=Jonny, email=jonny12@prueba.com, id=1875518281, role=administrador de flotas} [Given user is loged on page with email "administrador@gmail.com" and Password "password" [default opens the web site [default opens the Login page], default Login site [default enters 'administrador@gmail.com' into , default enters 'password' into , default clicks on ]], When user enters registration data
| name | email | id | role |
| Jonny | jonny12@prueba.com | 1875518281 | administrador de flotas | [Default add user [default clicks on , default clicks on , default enters 'Jonny' into , default enters 'jonny12@prueba.com' into , default enters '1875518281' into , default clicks on , default clicks on , default clicks on ]], Then user registers employee "Jonny" [default Logout site [default clicks on , default enters 'Jonny' into ], Then result search]]
[Test worker] WARN net.thucydides.core.steps.BaseStepListener - TestOutcomes: [User can register employee successfull:Example: {name=Jonny, email=jonny12@prueba.com, id=1875518281, role=administrador de flotas} [Given user is loged on page with email "administrador@gmail.com" and Password "password" [default opens the web site [default opens the Login page], default Login site [default enters 'administrador@gmail.com' into , default enters 'password' into , default clicks on ]], When user enters registration data
| name | email | id | role |
| Jonny | jonny12@prueba.com | 1875518281 | administrador de flotas | [Default add user [default clicks on , default clicks on , default enters 'Jonny' into , default enters 'jonny12@prueba.com' into , default enters '1875518281' into , default clicks on , default clicks on , default clicks on ]], Then user registers employee "Jonny" [default Logout site [default clicks on , default enters 'Jonny' into ], Then result search]]]
[Test worker] WARN net.thucydides.core.steps.BaseStepListener - Final testOutcomes: [User can register employee successfull:Example: {name=Jonny, email=jonny12@prueba.com, id=1875518281, role=administrador de flotas} [Given user is loged on page with email "administrador@gmail.com" and Password "password" [default opens the web site [default opens the Login page], default Login site [default enters 'administrador@gmail.com' into , default enters 'password' into , default clicks on ]], When user enters registration data
| name | email | id | role |
| Jonny | jonny12@prueba.com | 1875518281 | administrador de flotas | [Default add user [default clicks on , default clicks on , default enters 'Jonny' into , default enters 'jonny12@prueba.com' into , default enters '1875518281' into , default clicks on , default clicks on , default clicks on ]], Then user registers employee "Jonny" [default Logout site [default clicks on , default enters 'Jonny' into ], Then result search]]]
[Test worker] INFO net.thucydides.core.steps.ConsoleLoggingListener - ?[92m
        __    _____ _____ ____ _____   ____   _    ____  ____  _____ ____  
  _     \ \  |_   _| ____/ ___|_   _| |  _ \ / \  / ___|/ ___|| ____|  _ \ 
 (_)_____| |   | | |  _| \___ \ | |   | |_) / _ \ \___ \\___ \|  _| | | | |
  _|_____| |   | | | |___ ___) || |   |  __/ ___ \ ___) |___) | |___| |_| |
 (_)     | |   |_| |_____|____/ |_|   |_| /_/   \_\____/|____/|_____|____/ 
        /_/                                                                

TEST PASSED: User can register employee successfull
----------------------------------------------------------------------------?[0m
]]></system-err>
</testsuite>
