<?xml version="1.0" encoding="UTF-8"?>
<testsuite name="Manage user" tests="1" skipped="0" failures="0" errors="0" timestamp="2020-10-20T05:27:27" hostname="DESKTOP-35IE40O" time="24.514">
  <properties/>
  <testcase name="User can register employee successfull" classname="Manage user" time="24.514"/>
  <system-out><![CDATA[]]></system-out>
  <system-err><![CDATA[[Test worker] WARN net.thucydides.core.steps.BaseStepListener - stepStarted: net.thucydides.core.steps.ExecutedStepDescription@228ae8
[Test worker] INFO net.thucydides.core.steps.ConsoleLoggingListener - STARTING STEP Given user is loged on page with email "administrador@gmail.com" and Password "password"
[Test worker] INFO io.github.bonigarcia.wdm.WebDriverManager - Using chromedriver 86.0.4240.22 (since Google Chrome 86 is installed in your machine)
[Test worker] INFO io.github.bonigarcia.wdm.WebDriverManager - Exporting webdriver.chrome.driver as C:\Users\ASUS\.m2\repository\webdriver\chromedriver\win32\86.0.4240.22\chromedriver.exe
Starting ChromeDriver 86.0.4240.22 (398b0743353ff36fb1b82468f63a3a93b4e2e89e-refs/branch-heads/4240@{#378}) on port 37139
Only local connections are allowed.
Please see https://chromedriver.chromium.org/security-considerations for suggestions on keeping ChromeDriver safe.
ChromeDriver was started successfully.
oct 20, 2020 12:27:31 AM org.openqa.selenium.remote.ProtocolHandshake createSession
INFORMACIÓN: Detected dialect: W3C
[Test worker] WARN net.thucydides.core.steps.BaseStepListener - stepStarted: net.thucydides.core.steps.ExecutedStepDescription@e2f59c
[Test worker] INFO net.thucydides.core.steps.ConsoleLoggingListener - STARTING STEP user opens the web site
[Test worker] WARN net.thucydides.core.steps.BaseStepListener - stepStarted: net.thucydides.core.steps.ExecutedStepDescription@eea819
[Test worker] INFO net.thucydides.core.steps.ConsoleLoggingListener - STARTING STEP user opens the Login page
[Test worker] WARN net.thucydides.core.steps.BaseStepListener - stepFinished: current outcome:User can register employee successfull:Example: {name=Emamanuel Bueno, email=emmanuelb@prueba.com, id=1075590081, role=administrador de servicios} [Given user is loged on page with email "administrador@gmail.com" and Password "password" [user opens the web site [user opens the Login page]]]
[Test worker] INFO net.thucydides.core.steps.ConsoleLoggingListener - FINISHING STEP
[Test worker] WARN net.thucydides.core.steps.BaseStepListener - stepFinished: current outcome:User can register employee successfull:Example: {name=Emamanuel Bueno, email=emmanuelb@prueba.com, id=1075590081, role=administrador de servicios} [Given user is loged on page with email "administrador@gmail.com" and Password "password" [user opens the web site [user opens the Login page]]]
[Test worker] INFO net.thucydides.core.steps.ConsoleLoggingListener - FINISHING STEP
[Test worker] WARN net.thucydides.core.steps.BaseStepListener - stepStarted: net.thucydides.core.steps.ExecutedStepDescription@12dc76
[Test worker] INFO net.thucydides.core.steps.ConsoleLoggingListener - STARTING STEP user login site
[Test worker] WARN net.thucydides.core.steps.BaseStepListener - stepStarted: net.thucydides.core.steps.ExecutedStepDescription@152ffc9
[Test worker] INFO net.thucydides.core.steps.ConsoleLoggingListener - STARTING STEP user enters 'administrador@gmail.com' into 
[Test worker] WARN net.thucydides.core.steps.BaseStepListener - stepFinished: current outcome:User can register employee successfull:Example: {name=Emamanuel Bueno, email=emmanuelb@prueba.com, id=1075590081, role=administrador de servicios} [Given user is loged on page with email "administrador@gmail.com" and Password "password" [user opens the web site [user opens the Login page], user login site [user enters 'administrador@gmail.com' into ]]]
[Test worker] INFO net.thucydides.core.steps.ConsoleLoggingListener - FINISHING STEP
[Test worker] WARN net.thucydides.core.steps.BaseStepListener - stepStarted: net.thucydides.core.steps.ExecutedStepDescription@1a9b0bc
[Test worker] INFO net.thucydides.core.steps.ConsoleLoggingListener - STARTING STEP user enters 'password' into 
[Test worker] WARN net.thucydides.core.steps.BaseStepListener - stepFinished: current outcome:User can register employee successfull:Example: {name=Emamanuel Bueno, email=emmanuelb@prueba.com, id=1075590081, role=administrador de servicios} [Given user is loged on page with email "administrador@gmail.com" and Password "password" [user opens the web site [user opens the Login page], user login site [user enters 'administrador@gmail.com' into , user enters 'password' into ]]]
[Test worker] INFO net.thucydides.core.steps.ConsoleLoggingListener - FINISHING STEP
[Test worker] WARN net.thucydides.core.steps.BaseStepListener - stepStarted: net.thucydides.core.steps.ExecutedStepDescription@77f135
[Test worker] INFO net.thucydides.core.steps.ConsoleLoggingListener - STARTING STEP user clicks on 
[Test worker] WARN net.thucydides.core.steps.BaseStepListener - stepFinished: current outcome:User can register employee successfull:Example: {name=Emamanuel Bueno, email=emmanuelb@prueba.com, id=1075590081, role=administrador de servicios} [Given user is loged on page with email "administrador@gmail.com" and Password "password" [user opens the web site [user opens the Login page], user login site [user enters 'administrador@gmail.com' into , user enters 'password' into , user clicks on ]]]
[Test worker] INFO net.thucydides.core.steps.ConsoleLoggingListener - FINISHING STEP
[Test worker] WARN net.thucydides.core.steps.BaseStepListener - stepFinished: current outcome:User can register employee successfull:Example: {name=Emamanuel Bueno, email=emmanuelb@prueba.com, id=1075590081, role=administrador de servicios} [Given user is loged on page with email "administrador@gmail.com" and Password "password" [user opens the web site [user opens the Login page], user login site [user enters 'administrador@gmail.com' into , user enters 'password' into , user clicks on ]]]
[Test worker] INFO net.thucydides.core.steps.ConsoleLoggingListener - FINISHING STEP
[Test worker] WARN net.thucydides.core.steps.BaseStepListener - stepFinished: current outcome:User can register employee successfull:Example: {name=Emamanuel Bueno, email=emmanuelb@prueba.com, id=1075590081, role=administrador de servicios} [Given user is loged on page with email "administrador@gmail.com" and Password "password" [user opens the web site [user opens the Login page], user login site [user enters 'administrador@gmail.com' into , user enters 'password' into , user clicks on ]]]
[Test worker] INFO net.thucydides.core.steps.ConsoleLoggingListener - FINISHING STEP
[Test worker] WARN net.thucydides.core.steps.BaseStepListener - stepStarted: net.thucydides.core.steps.ExecutedStepDescription@9cdaf0
[Test worker] INFO net.thucydides.core.steps.ConsoleLoggingListener - STARTING STEP When user enters registration data
| name | email | id | role |
| Emamanuel Bueno | emmanuelb@prueba.com | 1075590081 | administrador de servicios |
[Test worker] WARN net.thucydides.core.steps.BaseStepListener - stepStarted: net.thucydides.core.steps.ExecutedStepDescription@1820fb3
[Test worker] INFO net.thucydides.core.steps.ConsoleLoggingListener - STARTING STEP user enter registration data
[Test worker] WARN net.thucydides.core.steps.BaseStepListener - stepStarted: net.thucydides.core.steps.ExecutedStepDescription@126a8f3
[Test worker] INFO net.thucydides.core.steps.ConsoleLoggingListener - STARTING STEP user clicks on 
[Test worker] WARN net.thucydides.core.steps.BaseStepListener - stepFinished: current outcome:User can register employee successfull:Example: {name=Emamanuel Bueno, email=emmanuelb@prueba.com, id=1075590081, role=administrador de servicios} [Given user is loged on page with email "administrador@gmail.com" and Password "password" [user opens the web site [user opens the Login page], user login site [user enters 'administrador@gmail.com' into , user enters 'password' into , user clicks on ]], When user enters registration data
| name | email | id | role |
| Emamanuel Bueno | emmanuelb@prueba.com | 1075590081 | administrador de servicios | [user enter registration data [user clicks on ]]]
[Test worker] INFO net.thucydides.core.steps.ConsoleLoggingListener - FINISHING STEP
[Test worker] WARN net.thucydides.core.steps.BaseStepListener - stepStarted: net.thucydides.core.steps.ExecutedStepDescription@1b76adb
[Test worker] INFO net.thucydides.core.steps.ConsoleLoggingListener - STARTING STEP user waiting for items
[Test worker] WARN net.thucydides.core.steps.BaseStepListener - stepFinished: current outcome:User can register employee successfull:Example: {name=Emamanuel Bueno, email=emmanuelb@prueba.com, id=1075590081, role=administrador de servicios} [Given user is loged on page with email "administrador@gmail.com" and Password "password" [user opens the web site [user opens the Login page], user login site [user enters 'administrador@gmail.com' into , user enters 'password' into , user clicks on ]], When user enters registration data
| name | email | id | role |
| Emamanuel Bueno | emmanuelb@prueba.com | 1075590081 | administrador de servicios | [user enter registration data [user clicks on , user waiting for items]]]
[Test worker] INFO net.thucydides.core.steps.ConsoleLoggingListener - FINISHING STEP
[Test worker] WARN net.thucydides.core.steps.BaseStepListener - stepStarted: net.thucydides.core.steps.ExecutedStepDescription@18dd018
[Test worker] INFO net.thucydides.core.steps.ConsoleLoggingListener - STARTING STEP user clicks on 
[Test worker] WARN net.thucydides.core.steps.BaseStepListener - stepFinished: current outcome:User can register employee successfull:Example: {name=Emamanuel Bueno, email=emmanuelb@prueba.com, id=1075590081, role=administrador de servicios} [Given user is loged on page with email "administrador@gmail.com" and Password "password" [user opens the web site [user opens the Login page], user login site [user enters 'administrador@gmail.com' into , user enters 'password' into , user clicks on ]], When user enters registration data
| name | email | id | role |
| Emamanuel Bueno | emmanuelb@prueba.com | 1075590081 | administrador de servicios | [user enter registration data [user clicks on , user waiting for items, user clicks on ]]]
[Test worker] INFO net.thucydides.core.steps.ConsoleLoggingListener - FINISHING STEP
[Test worker] WARN net.thucydides.core.steps.BaseStepListener - stepStarted: net.thucydides.core.steps.ExecutedStepDescription@1268595
[Test worker] INFO net.thucydides.core.steps.ConsoleLoggingListener - STARTING STEP user enters 'Emamanuel Bueno' into 
[Test worker] WARN net.thucydides.core.steps.BaseStepListener - stepFinished: current outcome:User can register employee successfull:Example: {name=Emamanuel Bueno, email=emmanuelb@prueba.com, id=1075590081, role=administrador de servicios} [Given user is loged on page with email "administrador@gmail.com" and Password "password" [user opens the web site [user opens the Login page], user login site [user enters 'administrador@gmail.com' into , user enters 'password' into , user clicks on ]], When user enters registration data
| name | email | id | role |
| Emamanuel Bueno | emmanuelb@prueba.com | 1075590081 | administrador de servicios | [user enter registration data [user clicks on , user waiting for items, user clicks on , user enters 'Emamanuel Bueno' into ]]]
[Test worker] INFO net.thucydides.core.steps.ConsoleLoggingListener - FINISHING STEP
[Test worker] WARN net.thucydides.core.steps.BaseStepListener - stepStarted: net.thucydides.core.steps.ExecutedStepDescription@10fdc69
[Test worker] INFO net.thucydides.core.steps.ConsoleLoggingListener - STARTING STEP user enters 'emmanuelb@prueba.com' into 
[Test worker] WARN net.thucydides.core.steps.BaseStepListener - stepFinished: current outcome:User can register employee successfull:Example: {name=Emamanuel Bueno, email=emmanuelb@prueba.com, id=1075590081, role=administrador de servicios} [Given user is loged on page with email "administrador@gmail.com" and Password "password" [user opens the web site [user opens the Login page], user login site [user enters 'administrador@gmail.com' into , user enters 'password' into , user clicks on ]], When user enters registration data
| name | email | id | role |
| Emamanuel Bueno | emmanuelb@prueba.com | 1075590081 | administrador de servicios | [user enter registration data [user clicks on , user waiting for items, user clicks on , user enters 'Emamanuel Bueno' into , user enters 'emmanuelb@prueba.com' into ]]]
[Test worker] INFO net.thucydides.core.steps.ConsoleLoggingListener - FINISHING STEP
[Test worker] WARN net.thucydides.core.steps.BaseStepListener - stepStarted: net.thucydides.core.steps.ExecutedStepDescription@1ec412d
[Test worker] INFO net.thucydides.core.steps.ConsoleLoggingListener - STARTING STEP user enters '1075590081' into 
[Test worker] WARN net.thucydides.core.steps.BaseStepListener - stepFinished: current outcome:User can register employee successfull:Example: {name=Emamanuel Bueno, email=emmanuelb@prueba.com, id=1075590081, role=administrador de servicios} [Given user is loged on page with email "administrador@gmail.com" and Password "password" [user opens the web site [user opens the Login page], user login site [user enters 'administrador@gmail.com' into , user enters 'password' into , user clicks on ]], When user enters registration data
| name | email | id | role |
| Emamanuel Bueno | emmanuelb@prueba.com | 1075590081 | administrador de servicios | [user enter registration data [user clicks on , user waiting for items, user clicks on , user enters 'Emamanuel Bueno' into , user enters 'emmanuelb@prueba.com' into , user enters '1075590081' into ]]]
[Test worker] INFO net.thucydides.core.steps.ConsoleLoggingListener - FINISHING STEP
[Test worker] WARN net.thucydides.core.steps.BaseStepListener - stepStarted: net.thucydides.core.steps.ExecutedStepDescription@d67c28
[Test worker] INFO net.thucydides.core.steps.ConsoleLoggingListener - STARTING STEP user clicks on 
[Test worker] WARN net.thucydides.core.steps.BaseStepListener - stepFinished: current outcome:User can register employee successfull:Example: {name=Emamanuel Bueno, email=emmanuelb@prueba.com, id=1075590081, role=administrador de servicios} [Given user is loged on page with email "administrador@gmail.com" and Password "password" [user opens the web site [user opens the Login page], user login site [user enters 'administrador@gmail.com' into , user enters 'password' into , user clicks on ]], When user enters registration data
| name | email | id | role |
| Emamanuel Bueno | emmanuelb@prueba.com | 1075590081 | administrador de servicios | [user enter registration data [user clicks on , user waiting for items, user clicks on , user enters 'Emamanuel Bueno' into , user enters 'emmanuelb@prueba.com' into , user enters '1075590081' into , user clicks on ]]]
[Test worker] INFO net.thucydides.core.steps.ConsoleLoggingListener - FINISHING STEP
[Test worker] WARN net.thucydides.core.steps.BaseStepListener - stepStarted: net.thucydides.core.steps.ExecutedStepDescription@1fd14a0
[Test worker] INFO net.thucydides.core.steps.ConsoleLoggingListener - STARTING STEP user clicks on 
[Test worker] WARN net.thucydides.core.steps.BaseStepListener - stepFinished: current outcome:User can register employee successfull:Example: {name=Emamanuel Bueno, email=emmanuelb@prueba.com, id=1075590081, role=administrador de servicios} [Given user is loged on page with email "administrador@gmail.com" and Password "password" [user opens the web site [user opens the Login page], user login site [user enters 'administrador@gmail.com' into , user enters 'password' into , user clicks on ]], When user enters registration data
| name | email | id | role |
| Emamanuel Bueno | emmanuelb@prueba.com | 1075590081 | administrador de servicios | [user enter registration data [user clicks on , user waiting for items, user clicks on , user enters 'Emamanuel Bueno' into , user enters 'emmanuelb@prueba.com' into , user enters '1075590081' into , user clicks on , user clicks on ]]]
[Test worker] INFO net.thucydides.core.steps.ConsoleLoggingListener - FINISHING STEP
[Test worker] WARN net.thucydides.core.steps.BaseStepListener - stepFinished: current outcome:User can register employee successfull:Example: {name=Emamanuel Bueno, email=emmanuelb@prueba.com, id=1075590081, role=administrador de servicios} [Given user is loged on page with email "administrador@gmail.com" and Password "password" [user opens the web site [user opens the Login page], user login site [user enters 'administrador@gmail.com' into , user enters 'password' into , user clicks on ]], When user enters registration data
| name | email | id | role |
| Emamanuel Bueno | emmanuelb@prueba.com | 1075590081 | administrador de servicios | [user enter registration data [user clicks on , user waiting for items, user clicks on , user enters 'Emamanuel Bueno' into , user enters 'emmanuelb@prueba.com' into , user enters '1075590081' into , user clicks on , user clicks on ]]]
[Test worker] INFO net.thucydides.core.steps.ConsoleLoggingListener - FINISHING STEP
[Test worker] WARN net.thucydides.core.steps.BaseStepListener - stepFinished: current outcome:User can register employee successfull:Example: {name=Emamanuel Bueno, email=emmanuelb@prueba.com, id=1075590081, role=administrador de servicios} [Given user is loged on page with email "administrador@gmail.com" and Password "password" [user opens the web site [user opens the Login page], user login site [user enters 'administrador@gmail.com' into , user enters 'password' into , user clicks on ]], When user enters registration data
| name | email | id | role |
| Emamanuel Bueno | emmanuelb@prueba.com | 1075590081 | administrador de servicios | [user enter registration data [user clicks on , user waiting for items, user clicks on , user enters 'Emamanuel Bueno' into , user enters 'emmanuelb@prueba.com' into , user enters '1075590081' into , user clicks on , user clicks on ]]]
[Test worker] INFO net.thucydides.core.steps.ConsoleLoggingListener - FINISHING STEP
[Test worker] WARN net.thucydides.core.steps.BaseStepListener - stepStarted: net.thucydides.core.steps.ExecutedStepDescription@a792ef
[Test worker] INFO net.thucydides.core.steps.ConsoleLoggingListener - STARTING STEP And user saves registration data
[Test worker] WARN net.thucydides.core.steps.BaseStepListener - stepStarted: net.thucydides.core.steps.ExecutedStepDescription@4c2c1f
[Test worker] INFO net.thucydides.core.steps.ConsoleLoggingListener - STARTING STEP user add user
[Test worker] WARN net.thucydides.core.steps.BaseStepListener - stepStarted: net.thucydides.core.steps.ExecutedStepDescription@14692fd
[Test worker] INFO net.thucydides.core.steps.ConsoleLoggingListener - STARTING STEP user clicks on 
[Test worker] WARN net.thucydides.core.steps.BaseStepListener - stepFinished: current outcome:User can register employee successfull:Example: {name=Emamanuel Bueno, email=emmanuelb@prueba.com, id=1075590081, role=administrador de servicios} [Given user is loged on page with email "administrador@gmail.com" and Password "password" [user opens the web site [user opens the Login page], user login site [user enters 'administrador@gmail.com' into , user enters 'password' into , user clicks on ]], When user enters registration data
| name | email | id | role |
| Emamanuel Bueno | emmanuelb@prueba.com | 1075590081 | administrador de servicios | [user enter registration data [user clicks on , user waiting for items, user clicks on , user enters 'Emamanuel Bueno' into , user enters 'emmanuelb@prueba.com' into , user enters '1075590081' into , user clicks on , user clicks on ]], And user saves registration data [user add user [user clicks on ]]]
[Test worker] INFO net.thucydides.core.steps.ConsoleLoggingListener - FINISHING STEP
[Test worker] WARN net.thucydides.core.steps.BaseStepListener - stepFinished: current outcome:User can register employee successfull:Example: {name=Emamanuel Bueno, email=emmanuelb@prueba.com, id=1075590081, role=administrador de servicios} [Given user is loged on page with email "administrador@gmail.com" and Password "password" [user opens the web site [user opens the Login page], user login site [user enters 'administrador@gmail.com' into , user enters 'password' into , user clicks on ]], When user enters registration data
| name | email | id | role |
| Emamanuel Bueno | emmanuelb@prueba.com | 1075590081 | administrador de servicios | [user enter registration data [user clicks on , user waiting for items, user clicks on , user enters 'Emamanuel Bueno' into , user enters 'emmanuelb@prueba.com' into , user enters '1075590081' into , user clicks on , user clicks on ]], And user saves registration data [user add user [user clicks on ]]]
[Test worker] INFO net.thucydides.core.steps.ConsoleLoggingListener - FINISHING STEP
[Test worker] WARN net.thucydides.core.steps.BaseStepListener - stepFinished: current outcome:User can register employee successfull:Example: {name=Emamanuel Bueno, email=emmanuelb@prueba.com, id=1075590081, role=administrador de servicios} [Given user is loged on page with email "administrador@gmail.com" and Password "password" [user opens the web site [user opens the Login page], user login site [user enters 'administrador@gmail.com' into , user enters 'password' into , user clicks on ]], When user enters registration data
| name | email | id | role |
| Emamanuel Bueno | emmanuelb@prueba.com | 1075590081 | administrador de servicios | [user enter registration data [user clicks on , user waiting for items, user clicks on , user enters 'Emamanuel Bueno' into , user enters 'emmanuelb@prueba.com' into , user enters '1075590081' into , user clicks on , user clicks on ]], And user saves registration data [user add user [user clicks on ]]]
[Test worker] INFO net.thucydides.core.steps.ConsoleLoggingListener - FINISHING STEP
[Test worker] WARN net.thucydides.core.steps.BaseStepListener - stepStarted: net.thucydides.core.steps.ExecutedStepDescription@630dd0
[Test worker] INFO net.thucydides.core.steps.ConsoleLoggingListener - STARTING STEP Then user registers employee Emamanuel Bueno
[Test worker] WARN net.thucydides.core.steps.BaseStepListener - stepStarted: net.thucydides.core.steps.ExecutedStepDescription@d934ec
[Test worker] INFO net.thucydides.core.steps.ConsoleLoggingListener - STARTING STEP user consult user information
[Test worker] WARN net.thucydides.core.steps.BaseStepListener - stepStarted: net.thucydides.core.steps.ExecutedStepDescription@8fa461
[Test worker] INFO net.thucydides.core.steps.ConsoleLoggingListener - STARTING STEP user clicks on 
[Test worker] WARN net.thucydides.core.steps.BaseStepListener - stepFinished: current outcome:User can register employee successfull:Example: {name=Emamanuel Bueno, email=emmanuelb@prueba.com, id=1075590081, role=administrador de servicios} [Given user is loged on page with email "administrador@gmail.com" and Password "password" [user opens the web site [user opens the Login page], user login site [user enters 'administrador@gmail.com' into , user enters 'password' into , user clicks on ]], When user enters registration data
| name | email | id | role |
| Emamanuel Bueno | emmanuelb@prueba.com | 1075590081 | administrador de servicios | [user enter registration data [user clicks on , user waiting for items, user clicks on , user enters 'Emamanuel Bueno' into , user enters 'emmanuelb@prueba.com' into , user enters '1075590081' into , user clicks on , user clicks on ]], And user saves registration data [user add user [user clicks on ]], Then user registers employee Emamanuel Bueno [user consult user information [user clicks on ]]]
[Test worker] INFO net.thucydides.core.steps.ConsoleLoggingListener - FINISHING STEP
[Test worker] WARN net.thucydides.core.steps.BaseStepListener - stepStarted: net.thucydides.core.steps.ExecutedStepDescription@19dcad2
[Test worker] INFO net.thucydides.core.steps.ConsoleLoggingListener - STARTING STEP user enters 'Emamanuel Bueno' into 
[Test worker] WARN net.thucydides.core.steps.BaseStepListener - stepFinished: current outcome:User can register employee successfull:Example: {name=Emamanuel Bueno, email=emmanuelb@prueba.com, id=1075590081, role=administrador de servicios} [Given user is loged on page with email "administrador@gmail.com" and Password "password" [user opens the web site [user opens the Login page], user login site [user enters 'administrador@gmail.com' into , user enters 'password' into , user clicks on ]], When user enters registration data
| name | email | id | role |
| Emamanuel Bueno | emmanuelb@prueba.com | 1075590081 | administrador de servicios | [user enter registration data [user clicks on , user waiting for items, user clicks on , user enters 'Emamanuel Bueno' into , user enters 'emmanuelb@prueba.com' into , user enters '1075590081' into , user clicks on , user clicks on ]], And user saves registration data [user add user [user clicks on ]], Then user registers employee Emamanuel Bueno [user consult user information [user clicks on , user enters 'Emamanuel Bueno' into ]]]
[Test worker] INFO net.thucydides.core.steps.ConsoleLoggingListener - FINISHING STEP
[Test worker] WARN net.thucydides.core.steps.BaseStepListener - stepFinished: current outcome:User can register employee successfull:Example: {name=Emamanuel Bueno, email=emmanuelb@prueba.com, id=1075590081, role=administrador de servicios} [Given user is loged on page with email "administrador@gmail.com" and Password "password" [user opens the web site [user opens the Login page], user login site [user enters 'administrador@gmail.com' into , user enters 'password' into , user clicks on ]], When user enters registration data
| name | email | id | role |
| Emamanuel Bueno | emmanuelb@prueba.com | 1075590081 | administrador de servicios | [user enter registration data [user clicks on , user waiting for items, user clicks on , user enters 'Emamanuel Bueno' into , user enters 'emmanuelb@prueba.com' into , user enters '1075590081' into , user clicks on , user clicks on ]], And user saves registration data [user add user [user clicks on ]], Then user registers employee Emamanuel Bueno [user consult user information [user clicks on , user enters 'Emamanuel Bueno' into ]]]
[Test worker] INFO net.thucydides.core.steps.ConsoleLoggingListener - FINISHING STEP
[Test worker] WARN net.thucydides.core.steps.BaseStepListener - stepStarted: net.thucydides.core.steps.ExecutedStepDescription@100cab
[Test worker] INFO net.thucydides.core.steps.ConsoleLoggingListener - STARTING STEP Then result search
[Test worker] WARN net.thucydides.core.steps.BaseStepListener - stepFinished: current outcome:User can register employee successfull:Example: {name=Emamanuel Bueno, email=emmanuelb@prueba.com, id=1075590081, role=administrador de servicios} [Given user is loged on page with email "administrador@gmail.com" and Password "password" [user opens the web site [user opens the Login page], user login site [user enters 'administrador@gmail.com' into , user enters 'password' into , user clicks on ]], When user enters registration data
| name | email | id | role |
| Emamanuel Bueno | emmanuelb@prueba.com | 1075590081 | administrador de servicios | [user enter registration data [user clicks on , user waiting for items, user clicks on , user enters 'Emamanuel Bueno' into , user enters 'emmanuelb@prueba.com' into , user enters '1075590081' into , user clicks on , user clicks on ]], And user saves registration data [user add user [user clicks on ]], Then user registers employee Emamanuel Bueno [user consult user information [user clicks on , user enters 'Emamanuel Bueno' into ], Then result search]]
[Test worker] INFO net.thucydides.core.steps.ConsoleLoggingListener - FINISHING STEP
[Test worker] WARN net.thucydides.core.steps.BaseStepListener - stepFinished: current outcome:User can register employee successfull:Example: {name=Emamanuel Bueno, email=emmanuelb@prueba.com, id=1075590081, role=administrador de servicios} [Given user is loged on page with email "administrador@gmail.com" and Password "password" [user opens the web site [user opens the Login page], user login site [user enters 'administrador@gmail.com' into , user enters 'password' into , user clicks on ]], When user enters registration data
| name | email | id | role |
| Emamanuel Bueno | emmanuelb@prueba.com | 1075590081 | administrador de servicios | [user enter registration data [user clicks on , user waiting for items, user clicks on , user enters 'Emamanuel Bueno' into , user enters 'emmanuelb@prueba.com' into , user enters '1075590081' into , user clicks on , user clicks on ]], And user saves registration data [user add user [user clicks on ]], Then user registers employee Emamanuel Bueno [user consult user information [user clicks on , user enters 'Emamanuel Bueno' into ], Then result search]]
[Test worker] INFO net.thucydides.core.steps.ConsoleLoggingListener - FINISHING STEP
[Test worker] WARN net.thucydides.core.steps.BaseStepListener - stepFinished: current outcome:User can register employee successfull:Example: {name=Emamanuel Bueno, email=emmanuelb@prueba.com, id=1075590081, role=administrador de servicios} [Given user is loged on page with email "administrador@gmail.com" and Password "password" [user opens the web site [user opens the Login page], user login site [user enters 'administrador@gmail.com' into , user enters 'password' into , user clicks on ]], When user enters registration data
| name | email | id | role |
| Emamanuel Bueno | emmanuelb@prueba.com | 1075590081 | administrador de servicios | [user enter registration data [user clicks on , user waiting for items, user clicks on , user enters 'Emamanuel Bueno' into , user enters 'emmanuelb@prueba.com' into , user enters '1075590081' into , user clicks on , user clicks on ]], And user saves registration data [user add user [user clicks on ]], Then user registers employee Emamanuel Bueno [user consult user information [user clicks on , user enters 'Emamanuel Bueno' into ], Then result search]]
[Test worker] INFO net.thucydides.core.steps.ConsoleLoggingListener - FINISHING STEP
[Test worker] WARN net.thucydides.core.steps.BaseStepListener - testFinished: User can register employee successfull:Example: {name=Emamanuel Bueno, email=emmanuelb@prueba.com, id=1075590081, role=administrador de servicios} [Given user is loged on page with email "administrador@gmail.com" and Password "password" [user opens the web site [user opens the Login page], user login site [user enters 'administrador@gmail.com' into , user enters 'password' into , user clicks on ]], When user enters registration data
| name | email | id | role |
| Emamanuel Bueno | emmanuelb@prueba.com | 1075590081 | administrador de servicios | [user enter registration data [user clicks on , user waiting for items, user clicks on , user enters 'Emamanuel Bueno' into , user enters 'emmanuelb@prueba.com' into , user enters '1075590081' into , user clicks on , user clicks on ]], And user saves registration data [user add user [user clicks on ]], Then user registers employee Emamanuel Bueno [user consult user information [user clicks on , user enters 'Emamanuel Bueno' into ], Then result search]]
[Test worker] WARN net.thucydides.core.steps.BaseStepListener - TestOutcomes: [User can register employee successfull:Example: {name=Emamanuel Bueno, email=emmanuelb@prueba.com, id=1075590081, role=administrador de servicios} [Given user is loged on page with email "administrador@gmail.com" and Password "password" [user opens the web site [user opens the Login page], user login site [user enters 'administrador@gmail.com' into , user enters 'password' into , user clicks on ]], When user enters registration data
| name | email | id | role |
| Emamanuel Bueno | emmanuelb@prueba.com | 1075590081 | administrador de servicios | [user enter registration data [user clicks on , user waiting for items, user clicks on , user enters 'Emamanuel Bueno' into , user enters 'emmanuelb@prueba.com' into , user enters '1075590081' into , user clicks on , user clicks on ]], And user saves registration data [user add user [user clicks on ]], Then user registers employee Emamanuel Bueno [user consult user information [user clicks on , user enters 'Emamanuel Bueno' into ], Then result search]]]
[Test worker] WARN net.thucydides.core.steps.BaseStepListener - Final testOutcomes: [User can register employee successfull:Example: {name=Emamanuel Bueno, email=emmanuelb@prueba.com, id=1075590081, role=administrador de servicios} [Given user is loged on page with email "administrador@gmail.com" and Password "password" [user opens the web site [user opens the Login page], user login site [user enters 'administrador@gmail.com' into , user enters 'password' into , user clicks on ]], When user enters registration data
| name | email | id | role |
| Emamanuel Bueno | emmanuelb@prueba.com | 1075590081 | administrador de servicios | [user enter registration data [user clicks on , user waiting for items, user clicks on , user enters 'Emamanuel Bueno' into , user enters 'emmanuelb@prueba.com' into , user enters '1075590081' into , user clicks on , user clicks on ]], And user saves registration data [user add user [user clicks on ]], Then user registers employee Emamanuel Bueno [user consult user information [user clicks on , user enters 'Emamanuel Bueno' into ], Then result search]]]
[Test worker] INFO net.thucydides.core.steps.ConsoleLoggingListener - ?[92m
        __    _____ _____ ____ _____   ____   _    ____  ____  _____ ____  
  _     \ \  |_   _| ____/ ___|_   _| |  _ \ / \  / ___|/ ___|| ____|  _ \ 
 (_)_____| |   | | |  _| \___ \ | |   | |_) / _ \ \___ \\___ \|  _| | | | |
  _|_____| |   | | | |___ ___) || |   |  __/ ___ \ ___) |___) | |___| |_| |
 (_)     | |   |_| |_____|____/ |_|   |_| /_/   \_\____/|____/|_____|____/ 
        /_/                                                                

TEST PASSED: User can register employee successfull
----------------------------------------------------------------------------?[0m
]]></system-err>
</testsuite>
