<?xml version="1.0" encoding="UTF-8"?>
<testsuite name="Login" tests="1" skipped="0" failures="0" errors="0" timestamp="2020-10-28T14:45:28" hostname="DESKTOP-35IE40O" time="35.046">
  <properties/>
  <testcase name="User can successfully login" classname="Login" time="35.046"/>
  <system-out><![CDATA[]]></system-out>
  <system-err><![CDATA[[Test worker] WARN net.thucydides.core.steps.BaseStepListener - stepStarted: net.thucydides.core.steps.ExecutedStepDescription@6f5cc4
[Test worker] INFO net.thucydides.core.steps.ConsoleLoggingListener - STARTING STEP Given user is on the login page
[Test worker] INFO io.github.bonigarcia.wdm.WebDriverManager - Using chromedriver 86.0.4240.22 (since Google Chrome 86 is installed in your machine)
[Test worker] INFO io.github.bonigarcia.wdm.WebDriverManager - Exporting webdriver.chrome.driver as C:\Users\ASUS\.m2\repository\webdriver\chromedriver\win32\86.0.4240.22\chromedriver.exe
Starting ChromeDriver 86.0.4240.22 (398b0743353ff36fb1b82468f63a3a93b4e2e89e-refs/branch-heads/4240@{#378}) on port 23325
Only local connections are allowed.
Please see https://chromedriver.chromium.org/security-considerations for suggestions on keeping ChromeDriver safe.
ChromeDriver was started successfully.
oct 28, 2020 9:45:47 AM org.openqa.selenium.remote.ProtocolHandshake createSession
INFORMACIÓN: Detected dialect: W3C
[Test worker] WARN net.thucydides.core.steps.BaseStepListener - stepStarted: net.thucydides.core.steps.ExecutedStepDescription@7e1c8c
[Test worker] INFO net.thucydides.core.steps.ConsoleLoggingListener - STARTING STEP user opens the web site
[Test worker] WARN net.thucydides.core.steps.BaseStepListener - stepStarted: net.thucydides.core.steps.ExecutedStepDescription@b1fefd
[Test worker] INFO net.thucydides.core.steps.ConsoleLoggingListener - STARTING STEP user opens the Login page
[Test worker] WARN net.thucydides.core.steps.BaseStepListener - stepFinished: current outcome:User can successfully login:Example: {email=administrador@gmail.com, password=password} [Given user is on the login page [user opens the web site [user opens the Login page]]]
[Test worker] INFO net.thucydides.core.steps.ConsoleLoggingListener - FINISHING STEP
[Test worker] WARN net.thucydides.core.steps.BaseStepListener - stepFinished: current outcome:User can successfully login:Example: {email=administrador@gmail.com, password=password} [Given user is on the login page [user opens the web site [user opens the Login page]]]
[Test worker] INFO net.thucydides.core.steps.ConsoleLoggingListener - FINISHING STEP
[Test worker] WARN net.thucydides.core.steps.BaseStepListener - stepFinished: current outcome:User can successfully login:Example: {email=administrador@gmail.com, password=password} [Given user is on the login page [user opens the web site [user opens the Login page]]]
[Test worker] INFO net.thucydides.core.steps.ConsoleLoggingListener - FINISHING STEP
[Test worker] WARN net.thucydides.core.steps.BaseStepListener - stepStarted: net.thucydides.core.steps.ExecutedStepDescription@4f4543
[Test worker] INFO net.thucydides.core.steps.ConsoleLoggingListener - STARTING STEP When user enter email "administrador@gmail.com" and Password "password" and click the log In button
[Test worker] WARN net.thucydides.core.steps.BaseStepListener - stepStarted: net.thucydides.core.steps.ExecutedStepDescription@f90bbe
[Test worker] INFO net.thucydides.core.steps.ConsoleLoggingListener - STARTING STEP user login site
[Test worker] WARN net.thucydides.core.steps.BaseStepListener - stepStarted: net.thucydides.core.steps.ExecutedStepDescription@1b1b1f2
[Test worker] INFO net.thucydides.core.steps.ConsoleLoggingListener - STARTING STEP user enters 'administrador@gmail.com' into 
[Test worker] WARN net.thucydides.core.steps.BaseStepListener - stepFinished: current outcome:User can successfully login:Example: {email=administrador@gmail.com, password=password} [Given user is on the login page [user opens the web site [user opens the Login page]], When user enter email "administrador@gmail.com" and Password "password" and click the log In button [user login site [user enters 'administrador@gmail.com' into ]]]
[Test worker] INFO net.thucydides.core.steps.ConsoleLoggingListener - FINISHING STEP
[Test worker] WARN net.thucydides.core.steps.BaseStepListener - stepStarted: net.thucydides.core.steps.ExecutedStepDescription@e3e520
[Test worker] INFO net.thucydides.core.steps.ConsoleLoggingListener - STARTING STEP user enters 'password' into 
[Test worker] WARN net.thucydides.core.steps.BaseStepListener - stepFinished: current outcome:User can successfully login:Example: {email=administrador@gmail.com, password=password} [Given user is on the login page [user opens the web site [user opens the Login page]], When user enter email "administrador@gmail.com" and Password "password" and click the log In button [user login site [user enters 'administrador@gmail.com' into , user enters 'password' into ]]]
[Test worker] INFO net.thucydides.core.steps.ConsoleLoggingListener - FINISHING STEP
[Test worker] WARN net.thucydides.core.steps.BaseStepListener - stepStarted: net.thucydides.core.steps.ExecutedStepDescription@137bf61
[Test worker] INFO net.thucydides.core.steps.ConsoleLoggingListener - STARTING STEP user clicks on 
[Test worker] WARN net.thucydides.core.steps.BaseStepListener - stepFinished: current outcome:User can successfully login:Example: {email=administrador@gmail.com, password=password} [Given user is on the login page [user opens the web site [user opens the Login page]], When user enter email "administrador@gmail.com" and Password "password" and click the log In button [user login site [user enters 'administrador@gmail.com' into , user enters 'password' into , user clicks on ]]]
[Test worker] INFO net.thucydides.core.steps.ConsoleLoggingListener - FINISHING STEP
[Test worker] WARN net.thucydides.core.steps.BaseStepListener - stepFinished: current outcome:User can successfully login:Example: {email=administrador@gmail.com, password=password} [Given user is on the login page [user opens the web site [user opens the Login page]], When user enter email "administrador@gmail.com" and Password "password" and click the log In button [user login site [user enters 'administrador@gmail.com' into , user enters 'password' into , user clicks on ]]]
[Test worker] INFO net.thucydides.core.steps.ConsoleLoggingListener - FINISHING STEP
[Test worker] WARN net.thucydides.core.steps.BaseStepListener - stepFinished: current outcome:User can successfully login:Example: {email=administrador@gmail.com, password=password} [Given user is on the login page [user opens the web site [user opens the Login page]], When user enter email "administrador@gmail.com" and Password "password" and click the log In button [user login site [user enters 'administrador@gmail.com' into , user enters 'password' into , user clicks on ]]]
[Test worker] INFO net.thucydides.core.steps.ConsoleLoggingListener - FINISHING STEP
[Test worker] WARN net.thucydides.core.steps.BaseStepListener - stepStarted: net.thucydides.core.steps.ExecutedStepDescription@110b24c
[Test worker] INFO net.thucydides.core.steps.ConsoleLoggingListener - STARTING STEP Then user go to the Inicio | COC S.A.S page
[Test worker] WARN net.thucydides.core.steps.BaseStepListener - stepStarted: net.thucydides.core.steps.ExecutedStepDescription@846e08
[Test worker] INFO net.thucydides.core.steps.ConsoleLoggingListener - STARTING STEP Then page title should be 'Inicio | COC S.A.S'
[Test worker] WARN net.thucydides.core.steps.BaseStepListener - stepFinished: current outcome:User can successfully login:Example: {email=administrador@gmail.com, password=password} [Given user is on the login page [user opens the web site [user opens the Login page]], When user enter email "administrador@gmail.com" and Password "password" and click the log In button [user login site [user enters 'administrador@gmail.com' into , user enters 'password' into , user clicks on ]], Then user go to the Inicio | COC S.A.S page [Then page title should be 'Inicio | COC S.A.S']]
[Test worker] INFO net.thucydides.core.steps.ConsoleLoggingListener - FINISHING STEP
[Test worker] WARN net.thucydides.core.steps.BaseStepListener - stepFinished: current outcome:User can successfully login:Example: {email=administrador@gmail.com, password=password} [Given user is on the login page [user opens the web site [user opens the Login page]], When user enter email "administrador@gmail.com" and Password "password" and click the log In button [user login site [user enters 'administrador@gmail.com' into , user enters 'password' into , user clicks on ]], Then user go to the Inicio | COC S.A.S page [Then page title should be 'Inicio | COC S.A.S']]
[Test worker] INFO net.thucydides.core.steps.ConsoleLoggingListener - FINISHING STEP
[Test worker] WARN net.thucydides.core.steps.BaseStepListener - stepFinished: current outcome:User can successfully login:Example: {email=administrador@gmail.com, password=password} [Given user is on the login page [user opens the web site [user opens the Login page]], When user enter email "administrador@gmail.com" and Password "password" and click the log In button [user login site [user enters 'administrador@gmail.com' into , user enters 'password' into , user clicks on ]], Then user go to the Inicio | COC S.A.S page [Then page title should be 'Inicio | COC S.A.S']]
[Test worker] INFO net.thucydides.core.steps.ConsoleLoggingListener - FINISHING STEP
[Test worker] WARN net.thucydides.core.steps.BaseStepListener - testFinished: User can successfully login:Example: {email=administrador@gmail.com, password=password} [Given user is on the login page [user opens the web site [user opens the Login page]], When user enter email "administrador@gmail.com" and Password "password" and click the log In button [user login site [user enters 'administrador@gmail.com' into , user enters 'password' into , user clicks on ]], Then user go to the Inicio | COC S.A.S page [Then page title should be 'Inicio | COC S.A.S']]
[Test worker] WARN net.thucydides.core.steps.BaseStepListener - TestOutcomes: [User can successfully login:Example: {email=administrador@gmail.com, password=password} [Given user is on the login page [user opens the web site [user opens the Login page]], When user enter email "administrador@gmail.com" and Password "password" and click the log In button [user login site [user enters 'administrador@gmail.com' into , user enters 'password' into , user clicks on ]], Then user go to the Inicio | COC S.A.S page [Then page title should be 'Inicio | COC S.A.S']]]
[Test worker] WARN net.thucydides.core.steps.BaseStepListener - Final testOutcomes: [User can successfully login:Example: {email=administrador@gmail.com, password=password} [Given user is on the login page [user opens the web site [user opens the Login page]], When user enter email "administrador@gmail.com" and Password "password" and click the log In button [user login site [user enters 'administrador@gmail.com' into , user enters 'password' into , user clicks on ]], Then user go to the Inicio | COC S.A.S page [Then page title should be 'Inicio | COC S.A.S']]]
[Test worker] INFO net.thucydides.core.steps.ConsoleLoggingListener - ?[92m
        __    _____ _____ ____ _____   ____   _    ____  ____  _____ ____  
  _     \ \  |_   _| ____/ ___|_   _| |  _ \ / \  / ___|/ ___|| ____|  _ \ 
 (_)_____| |   | | |  _| \___ \ | |   | |_) / _ \ \___ \\___ \|  _| | | | |
  _|_____| |   | | | |___ ___) || |   |  __/ ___ \ ___) |___) | |___| |_| |
 (_)     | |   |_| |_____|____/ |_|   |_| /_/   \_\____/|____/|_____|____/ 
        /_/                                                                

TEST PASSED: User can successfully login
----------------------------------------------------------------------------?[0m
]]></system-err>
</testsuite>
